2020-10-18 18:44:51,925 CRITICAL config_client_log.py Критическая ошибка
2020-10-18 18:44:51,925 ERROR config_client_log.py Ошибка
2020-10-18 18:44:51,925 DEBUG config_client_log.py Отладочная информация
2020-10-18 18:44:51,926 INFO config_client_log.py Информационное сообщение
2020-10-18 18:45:56,490 CRITICAL config_client_log.py Критическая ошибка
2020-10-18 18:45:56,490 ERROR config_client_log.py Ошибка
2020-10-18 18:45:56,490 DEBUG config_client_log.py Отладочная информация
2020-10-18 18:45:56,490 INFO config_client_log.py Информационное сообщение
2020-10-18 18:46:33,381 CRITICAL config_client_log.py Критическая ошибка
2020-10-18 18:46:33,381 ERROR config_client_log.py Ошибка
2020-10-18 18:46:33,381 DEBUG config_client_log.py Отладочная информация
2020-10-18 18:46:33,381 INFO config_client_log.py Информационное сообщение
2020-10-18 19:38:33,072 INFO client.py Запущен клиент с парамертами: адрес сервера: 192.168.1.51, порт: 8079
2020-10-18 19:40:55,883 INFO client.py Запущен клиент с парамертами: адрес сервера: 192.168.1.51, порт: 8079
2020-10-18 19:49:00,966 INFO client.py Запущен клиент с парамертами: адрес сервера: 127.0.0.1, порт: 7777
2020-10-18 19:49:00,970 DEBUG client.py Сформировано presence сообщение для пользователя Guest
2020-10-18 19:49:01,010 DEBUG client.py Разбор сообщения от сервера: {'response': 200}
2020-10-18 19:49:01,010 INFO client.py Принят ответ от сервера 200 : OK
2020-10-18 19:56:07,116 INFO client.py Запущен клиент с парамертами: адрес сервера: 127.0.0.1, порт: 7777
2020-10-18 19:56:07,116 DEBUG client.py Сформировано presence сообщение для пользователя Guest
2020-10-18 19:56:07,116 DEBUG client.py Разбор сообщения от сервера: {'response': 200}
2020-10-18 19:56:07,116 INFO client.py Принят ответ от сервера 200 : OK
2020-10-18 20:03:22,116 CRITICAL client.py Попытка запуска клиента с неподходящим номером порта: 777777. Допустимы адреса с 1024 до 65535. Клиент завершается.
2020-10-18 20:04:32,164 INFO client.py Запущен клиент с парамертами: адрес сервера: 127.0.0.1, порт: 7777
2020-10-18 20:04:32,180 DEBUG client.py Сформировано presence сообщение для пользователя Guest
2020-10-18 20:04:32,180 DEBUG client.py Разбор сообщения от сервера: {'response': 200}
2020-10-18 20:04:32,180 INFO client.py Принят ответ от сервера 200 : OK
2020-10-22 20:04:37,911 INFO client.py Запущен клиент с парамертами: адрес сервера: 127.0.0.1, порт: 7777
2020-10-22 20:04:37,915 DEBUG client.py Сформировано presence сообщение для пользователя Guest
2020-10-22 20:04:37,935 DEBUG decors.py Была вызвана функция create_presence c параметрами (), {}. Вызов из модуля __main__. Вызов из функции main().Вызов из функции main
2020-10-22 20:04:37,936 DEBUG client.py Разбор сообщения от сервера: {'response': 200}
2020-10-22 20:04:37,937 DEBUG decors.py Была вызвана функция process_ans c параметрами ({'response': 200},), {}. Вызов из модуля __main__. Вызов из функции main().Вызов из функции main
2020-10-22 20:04:37,937 INFO client.py Принят ответ от сервера 200 : OK
2020-10-25 23:11:03,731 DEBUG decors.py Была вызвана функция arg_parser из модуля __main__.
2020-10-25 23:11:03,732 INFO client.py Запущен клиент с парамертами: адрес сервера: 127.0.0.1, порт: 7777режим работы: listen
2020-10-25 23:12:52,697 DEBUG decors.py Была вызвана функция arg_parser из модуля __main__.
2020-10-25 23:12:52,698 INFO client.py Запущен клиент с парамертами: адрес сервера: 127.0.0.1, порт: 7777режим работы: listen
2020-10-25 23:12:52,702 DEBUG client.py Сформировано presence сообщение для пользователя Guest
2020-10-25 23:12:52,702 DEBUG decors.py Была вызвана функция create_presence из модуля __main__.
2020-10-25 23:12:52,702 DEBUG client.py Разбор приветственного сообщения от сервера: {'response': 200}
2020-10-25 23:12:52,703 DEBUG decors.py Была вызвана функция process_ans из модуля __main__.
2020-10-25 23:12:52,703 INFO client.py Установлено соединение с сервером. Ответ сервера: 200 : OK
2020-10-25 23:15:31,808 DEBUG decors.py Была вызвана функция arg_parser из модуля __main__.
2020-10-25 23:15:31,808 INFO client.py Запущен клиент с парамертами: адрес сервера: 127.0.0.1, порт: 7777режим работы: send
2020-10-25 23:15:31,811 DEBUG client.py Сформировано presence сообщение для пользователя Guest
2020-10-25 23:15:31,812 DEBUG decors.py Была вызвана функция create_presence из модуля __main__.
2020-10-25 23:15:33,834 DEBUG client.py Разбор приветственного сообщения от сервера: {'response': 200}
2020-10-25 23:15:33,834 DEBUG decors.py Была вызвана функция process_ans из модуля __main__.
2020-10-25 23:15:33,834 INFO client.py Установлено соединение с сервером. Ответ сервера: 200 : OK
2020-10-25 23:16:06,523 DEBUG client.py Сформирован словарь сообщения: {'action': 'message', 'time': 1603656966.5231428, 'account_name': 'Guest', 'mess_text': 'hi world!'}
2020-10-25 23:16:06,523 DEBUG decors.py Была вызвана функция create_message из модуля __main__.
2020-10-25 23:16:07,821 INFO client.py Получено сообщение от пользователя Guest:
hi world!
2020-10-25 23:16:07,822 DEBUG decors.py Была вызвана функция message_from_server из модуля __main__.
2020-10-25 23:18:11,092 DEBUG decors.py Была вызвана функция arg_parser из модуля __main__.
2020-10-25 23:18:11,092 INFO client.py Запущен клиент с парамертами: адрес сервера: 127.0.0.1, порт: 7777режим работы: send
2020-10-25 23:18:11,096 DEBUG client.py Сформировано presence сообщение для пользователя Guest
2020-10-25 23:18:11,096 DEBUG decors.py Была вызвана функция create_presence из модуля __main__.
2020-10-25 23:18:11,097 DEBUG client.py Разбор приветственного сообщения от сервера: {'response': 200}
2020-10-25 23:18:11,097 DEBUG decors.py Была вызвана функция process_ans из модуля __main__.
2020-10-25 23:18:11,097 INFO client.py Установлено соединение с сервером. Ответ сервера: 200 : OK
2020-10-25 23:18:31,793 DEBUG client.py Сформирован словарь сообщения: {'action': 'message', 'time': 1603657111.793101, 'account_name': 'Guest', 'mess_text': 'И от меня привет'}
2020-10-25 23:18:31,793 DEBUG decors.py Была вызвана функция create_message из модуля __main__.
2020-10-25 23:18:33,102 INFO client.py Получено сообщение от пользователя Guest:
И от меня привет
2020-10-25 23:18:33,103 DEBUG decors.py Была вызвана функция message_from_server из модуля __main__.
2020-10-25 23:20:11,559 DEBUG decors.py Была вызвана функция arg_parser из модуля __main__.
2020-10-25 23:20:11,560 INFO client.py Запущен клиент с парамертами: адрес сервера: 127.0.0.1, порт: 7777режим работы: listen
2020-10-25 23:20:11,563 DEBUG client.py Сформировано presence сообщение для пользователя Guest
2020-10-25 23:20:11,563 DEBUG decors.py Была вызвана функция create_presence из модуля __main__.
2020-10-25 23:20:11,564 DEBUG client.py Разбор приветственного сообщения от сервера: {'response': 200}
2020-10-25 23:20:11,564 DEBUG decors.py Была вызвана функция process_ans из модуля __main__.
2020-10-25 23:20:11,564 INFO client.py Установлено соединение с сервером. Ответ сервера: 200 : OK
2020-10-25 23:20:35,385 DEBUG client.py Сформирован словарь сообщения: {'action': 'message', 'time': 1603657235.3852458, 'account_name': 'Guest', 'mess_text': 'Hi newcomer!!!'}
2020-10-25 23:20:35,385 DEBUG decors.py Была вызвана функция create_message из модуля __main__.
2020-10-25 23:20:35,588 INFO client.py Получено сообщение от пользователя Guest:
Hi newcomer!!!
2020-10-25 23:20:35,588 DEBUG decors.py Была вызвана функция message_from_server из модуля __main__.
2020-10-25 23:20:35,588 INFO client.py Получено сообщение от пользователя Guest:
Hi newcomer!!!
2020-10-25 23:20:35,588 DEBUG decors.py Была вызвана функция message_from_server из модуля __main__.
2020-10-25 23:21:02,403 DEBUG client.py Сформирован словарь сообщения: {'action': 'message', 'time': 1603657262.4030085, 'account_name': 'Guest', 'mess_text': 'Привет новенькому!!!'}
2020-10-25 23:21:02,403 DEBUG decors.py Была вызвана функция create_message из модуля __main__.
2020-10-25 23:21:03,604 INFO client.py Получено сообщение от пользователя Guest:
Привет новенькому!!!
2020-10-25 23:21:03,604 DEBUG decors.py Была вызвана функция message_from_server из модуля __main__.
2020-10-25 23:21:03,605 INFO client.py Получено сообщение от пользователя Guest:
Привет новенькому!!!
2020-10-25 23:21:03,605 DEBUG decors.py Была вызвана функция message_from_server из модуля __main__.
2020-10-25 23:22:00,081 ERROR client.py Соединение с сервером 127.0.0.1 было потеряно.
2020-10-25 23:22:47,593 DEBUG decors.py Была вызвана функция arg_parser из модуля __main__.
2020-10-25 23:22:47,593 INFO client.py Запущен клиент с парамертами: адрес сервера: 127.0.0.1, порт: 7777режим работы: send
2020-10-25 23:22:47,726 DEBUG decors.py Была вызвана функция arg_parser из модуля __main__.
2020-10-25 23:22:47,726 INFO client.py Запущен клиент с парамертами: адрес сервера: 127.0.0.1, порт: 7777режим работы: send
2020-10-25 23:22:47,755 DEBUG decors.py Была вызвана функция arg_parser из модуля __main__.
2020-10-25 23:22:47,755 INFO client.py Запущен клиент с парамертами: адрес сервера: 127.0.0.1, порт: 7777режим работы: listen
2020-10-25 23:22:47,760 DEBUG client.py Сформировано presence сообщение для пользователя Guest
2020-10-25 23:22:47,760 DEBUG decors.py Была вызвана функция create_presence из модуля __main__.
2020-10-25 23:22:47,823 DEBUG decors.py Была вызвана функция arg_parser из модуля __main__.
2020-10-25 23:22:47,823 INFO client.py Запущен клиент с парамертами: адрес сервера: 127.0.0.1, порт: 7777режим работы: listen
2020-10-25 23:22:47,828 DEBUG client.py Сформировано presence сообщение для пользователя Guest
2020-10-25 23:22:47,828 DEBUG decors.py Была вызвана функция create_presence из модуля __main__.
2020-10-25 23:22:47,828 DEBUG client.py Разбор приветственного сообщения от сервера: {'response': 200}
2020-10-25 23:22:47,828 DEBUG decors.py Была вызвана функция process_ans из модуля __main__.
2020-10-25 23:22:47,829 INFO client.py Установлено соединение с сервером. Ответ сервера: 200 : OK
2020-10-25 23:22:48,107 DEBUG client.py Сформировано presence сообщение для пользователя Guest
2020-10-25 23:22:48,107 DEBUG decors.py Была вызвана функция create_presence из модуля __main__.
2020-10-25 23:22:48,107 DEBUG client.py Разбор приветственного сообщения от сервера: {'response': 200}
2020-10-25 23:22:48,108 DEBUG decors.py Была вызвана функция process_ans из модуля __main__.
2020-10-25 23:22:48,108 INFO client.py Установлено соединение с сервером. Ответ сервера: 200 : OK
2020-10-25 23:22:48,232 DEBUG client.py Сформировано presence сообщение для пользователя Guest
2020-10-25 23:22:48,232 DEBUG decors.py Была вызвана функция create_presence из модуля __main__.
2020-10-25 23:22:48,232 DEBUG client.py Разбор приветственного сообщения от сервера: {'response': 200}
2020-10-25 23:22:48,233 DEBUG decors.py Была вызвана функция process_ans из модуля __main__.
2020-10-25 23:22:48,233 INFO client.py Установлено соединение с сервером. Ответ сервера: 200 : OK
2020-10-25 23:22:50,233 DEBUG client.py Разбор приветственного сообщения от сервера: {'response': 200}
2020-10-25 23:22:50,233 DEBUG decors.py Была вызвана функция process_ans из модуля __main__.
2020-10-25 23:22:50,233 INFO client.py Установлено соединение с сервером. Ответ сервера: 200 : OK
2020-10-25 23:23:30,630 DEBUG client.py Сформирован словарь сообщения: {'action': 'message', 'time': 1603657410.6305768, 'account_name': 'Guest', 'mess_text': 'всем привет !!!!!!!'}
2020-10-25 23:23:30,630 DEBUG decors.py Была вызвана функция create_message из модуля __main__.
2020-10-25 23:23:32,244 INFO client.py Получено сообщение от пользователя Guest:
всем привет !!!!!!!
2020-10-25 23:23:32,244 INFO client.py Получено сообщение от пользователя Guest:
всем привет !!!!!!!
2020-10-25 23:23:32,245 DEBUG decors.py Была вызвана функция message_from_server из модуля __main__.
2020-10-25 23:23:32,245 DEBUG decors.py Была вызвана функция message_from_server из модуля __main__.
2020-10-25 23:23:51,270 DEBUG client.py Сформирован словарь сообщения: {'action': 'message', 'time': 1603657431.270401, 'account_name': 'Guest', 'mess_text': 'Hi to everybody!!!!'}
2020-10-25 23:23:51,270 DEBUG decors.py Была вызвана функция create_message из модуля __main__.
2020-10-25 23:23:52,250 INFO client.py Получено сообщение от пользователя Guest:
Hi to everybody!!!!
2020-10-25 23:23:52,250 INFO client.py Получено сообщение от пользователя Guest:
Hi to everybody!!!!
2020-10-25 23:23:52,251 DEBUG decors.py Была вызвана функция message_from_server из модуля __main__.
2020-10-25 23:23:52,251 DEBUG decors.py Была вызвана функция message_from_server из модуля __main__.
2020-10-25 23:25:03,374 DEBUG client.py Сформирован словарь сообщения: {'action': 'message', 'time': 1603657503.374466, 'account_name': 'Guest', 'mess_text': 'who is on duty today???'}
2020-10-25 23:25:03,375 DEBUG decors.py Была вызвана функция create_message из модуля __main__.
2020-10-25 23:25:04,284 INFO client.py Получено сообщение от пользователя Guest:
who is on duty today???
2020-10-25 23:25:04,284 DEBUG decors.py Была вызвана функция message_from_server из модуля __main__.
2020-10-25 23:25:04,284 DEBUG decors.py Была вызвана функция message_from_server из модуля __main__.
2020-10-25 23:36:15,455 DEBUG decors.py Была вызвана функция arg_parser из модуля __main__.
2020-10-25 23:36:15,456 INFO client.py Запущен клиент с парамертами: адрес сервера: 127.0.0.1, порт: 7777режим работы: listen
2020-10-25 23:36:59,013 DEBUG decors.py Была вызвана функция arg_parser из модуля __main__.
2020-10-25 23:36:59,013 INFO client.py Запущен клиент с парамертами: адрес сервера: 127.0.0.1, порт: 7777режим работы: listen
2020-10-25 23:36:59,017 DEBUG client.py Сформировано presence сообщение для пользователя Guest
2020-10-25 23:36:59,017 DEBUG decors.py Была вызвана функция create_presence из модуля __main__.
2020-10-25 23:36:59,018 DEBUG client.py Разбор приветственного сообщения от сервера: {'response': 200}
2020-10-25 23:36:59,018 DEBUG decors.py Была вызвана функция process_ans из модуля __main__.
2020-10-25 23:36:59,018 INFO client.py Установлено соединение с сервером. Ответ сервера: 200 : OK
2020-10-25 23:37:17,614 DEBUG client.py Сформирован словарь сообщения: {'action': 'message', 'time': 1603658237.6142128, 'account_name': 'Guest', 'mess_text': 'И от меня привет'}
2020-10-25 23:37:17,614 DEBUG decors.py Была вызвана функция create_message из модуля __main__.
2020-10-25 23:37:17,615 ERROR client.py Соединение с сервером 127.0.0.1 было потеряно.
2020-10-25 23:37:21,072 DEBUG decors.py Была вызвана функция arg_parser из модуля __main__.
2020-10-25 23:37:21,072 INFO client.py Запущен клиент с парамертами: адрес сервера: 127.0.0.1, порт: 7777режим работы: send
2020-10-25 23:37:21,076 DEBUG client.py Сформировано presence сообщение для пользователя Guest
2020-10-25 23:37:21,076 DEBUG decors.py Была вызвана функция create_presence из модуля __main__.
2020-10-25 23:37:21,077 DEBUG client.py Разбор приветственного сообщения от сервера: {'response': 200}
2020-10-25 23:37:21,077 DEBUG decors.py Была вызвана функция process_ans из модуля __main__.
2020-10-25 23:37:21,077 INFO client.py Установлено соединение с сервером. Ответ сервера: 200 : OK
2020-10-25 23:37:24,552 DEBUG client.py Сформирован словарь сообщения: {'action': 'message', 'time': 1603658244.5523417, 'account_name': 'Guest', 'mess_text': 'И от меня привет'}
2020-10-25 23:37:24,552 DEBUG decors.py Была вызвана функция create_message из модуля __main__.
2020-10-25 23:37:25,078 INFO client.py Получено сообщение от пользователя Guest:
И от меня привет
2020-10-25 23:37:25,079 DEBUG decors.py Была вызвана функция message_from_server из модуля __main__.
2020-10-25 23:38:18,406 ERROR client.py Соединение с сервером 127.0.0.1 было потеряно.
2020-10-29 21:30:19,065 DEBUG decors.py Была вызвана функция arg_parser из модуля __main__.
2020-10-29 21:30:19,065 INFO client.py Запущен клиент с парамертами: адрес сервера: 127.0.0.1, порт: 7777имя пользователя: user3
2020-10-29 21:30:19,065 DEBUG decors.py Была вызвана функция arg_parser из модуля __main__.
2020-10-29 21:30:19,065 INFO client.py Запущен клиент с парамертами: адрес сервера: 127.0.0.1, порт: 7777имя пользователя: user2
2020-10-29 21:30:19,065 DEBUG decors.py Была вызвана функция arg_parser из модуля __main__.
2020-10-29 21:30:19,066 INFO client.py Запущен клиент с парамертами: адрес сервера: 127.0.0.1, порт: 7777имя пользователя: user1
2020-10-29 21:30:19,590 DEBUG client.py Сформировано presence сообщение для пользователя user1
2020-10-29 21:30:19,590 DEBUG decors.py Была вызвана функция create_presence из модуля __main__.
2020-10-29 21:30:19,590 DEBUG client.py Сформировано presence сообщение для пользователя user3
2020-10-29 21:30:19,590 DEBUG decors.py Была вызвана функция create_presence из модуля __main__.
2020-10-29 21:30:19,590 DEBUG decors.py Была вызвана функция create_presence из модуля __main__.
2020-10-29 21:30:19,644 DEBUG client.py Разбор приветственного сообщения от сервера: {'response': 200}
2020-10-29 21:30:19,644 DEBUG decors.py Была вызвана функция process_ans из модуля __main__.
2020-10-29 21:30:19,644 INFO client.py Установлено соединение с сервером. Ответ сервера: 200 : OK
2020-10-29 21:30:19,646 DEBUG client.py Запущены процессы
2020-10-29 21:30:19,657 DEBUG client.py Разбор приветственного сообщения от сервера: {'response': 200}
2020-10-29 21:30:19,657 DEBUG decors.py Была вызвана функция process_ans из модуля __main__.
2020-10-29 21:30:19,657 INFO client.py Установлено соединение с сервером. Ответ сервера: 200 : OK
2020-10-29 21:30:19,658 DEBUG client.py Запущены процессы
2020-10-29 21:30:19,670 DEBUG client.py Разбор приветственного сообщения от сервера: {'response': 200}
2020-10-29 21:30:19,670 DEBUG decors.py Была вызвана функция process_ans из модуля __main__.
2020-10-29 21:30:19,670 INFO client.py Установлено соединение с сервером. Ответ сервера: 200 : OK
2020-10-29 21:30:19,672 DEBUG client.py Запущены процессы
2020-10-29 21:32:12,634 DEBUG client.py Сформирован словарь сообщения: {'action': 'message', 'from': 'user3', 'to': 'user2', 'time': 1603996332.634145, 'mess_text': 'Привет User2'}
2020-10-29 21:32:12,634 INFO client.py Отправлено сообщение для пользователя user2
2020-10-29 21:32:12,634 DEBUG decors.py Была вызвана функция create_message из модуля __main__.
2020-10-29 21:32:13,720 INFO client.py Получено сообщение от пользователя user3:
Привет User2
2020-10-29 21:33:24,078 DEBUG client.py Сформирован словарь сообщения: {'action': 'message', 'from': 'user1', 'to': 'user3', 'time': 1603996404.0786107, 'mess_text': 'Привет, как дела?'}
2020-10-29 21:33:24,079 INFO client.py Отправлено сообщение для пользователя user3
2020-10-29 21:33:24,079 DEBUG decors.py Была вызвана функция create_message из модуля __main__.
2020-10-29 21:33:25,757 INFO client.py Получено сообщение от пользователя user1:
Привет, как дела?
2020-10-29 21:35:05,855 DEBUG client.py Сформирован словарь сообщения: {'action': 'message', 'from': 'user2', 'to': 'user1', 'time': 1603996505.8559983, 'mess_text': 'Hi, user1'}
2020-10-29 21:35:05,855 INFO client.py Отправлено сообщение для пользователя user1
2020-10-29 21:35:05,856 DEBUG decors.py Была вызвана функция create_message из модуля __main__.
2020-10-29 21:35:07,800 INFO client.py Получено сообщение от пользователя user2:
Hi, user1
2020-10-29 21:35:37,191 DEBUG decors.py Была вызвана функция create_exit_message из модуля __main__.
2020-10-29 21:35:37,192 INFO client.py Завершение работы по команде пользователя.
2020-10-29 21:35:37,818 CRITICAL client.py Потеряно соединение с сервером.
2020-10-29 21:35:37,818 DEBUG decors.py Была вызвана функция message_from_server из модуля __main__.
2020-10-29 21:35:42,733 DEBUG decors.py Была вызвана функция create_exit_message из модуля __main__.
2020-10-29 21:35:42,734 INFO client.py Завершение работы по команде пользователя.
2020-10-29 21:35:43,735 DEBUG decors.py Была вызвана функция user_interactive из модуля __main__.
2020-10-29 21:35:43,825 CRITICAL client.py Потеряно соединение с сервером.
2020-10-29 21:35:43,825 DEBUG decors.py Была вызвана функция message_from_server из модуля __main__.
2020-10-29 21:35:51,624 DEBUG decors.py Была вызвана функция create_exit_message из модуля __main__.
2020-10-29 21:35:51,625 INFO client.py Завершение работы по команде пользователя.
2020-10-29 21:35:51,833 CRITICAL client.py Потеряно соединение с сервером.
2020-10-29 21:35:51,833 DEBUG decors.py Была вызвана функция message_from_server из модуля __main__.
2020-11-08 20:42:41,133 DEBUG decors.py Была вызвана функция arg_parser из модуля __main__.
2020-11-08 20:42:41,133 DEBUG decors.py Была вызвана функция arg_parser из модуля __main__.
2020-11-08 20:42:41,133 INFO client.py Запущен клиент с парамертами: адрес сервера: 127.0.0.1, порт: 7777имя пользователя: user1
2020-11-08 20:42:41,133 INFO client.py Запущен клиент с парамертами: адрес сервера: 127.0.0.1, порт: 7777имя пользователя: user2
2020-11-08 20:42:41,133 INFO client.py Запущен клиент с парамертами: адрес сервера: 127.0.0.1, порт: 7777имя пользователя: user3
2020-11-08 20:42:41,148 DEBUG client.py Сформировано presence сообщение для пользователя user3
2020-11-08 20:42:41,148 DEBUG client.py Сформировано presence сообщение для пользователя user1
2020-11-08 20:42:41,148 DEBUG decors.py Была вызвана функция create_presence из модуля __main__.
2020-11-08 20:42:41,148 DEBUG decors.py Была вызвана функция create_presence из модуля __main__.
2020-11-08 20:42:41,148 DEBUG client.py Сформировано presence сообщение для пользователя user2
2020-11-08 20:42:41,148 DEBUG decors.py Была вызвана функция create_presence из модуля __main__.
2020-11-08 20:42:41,148 DEBUG client.py Разбор приветственного сообщения от сервера: {'response': 200}
2020-11-08 20:42:41,148 DEBUG decors.py Была вызвана функция process_ans из модуля __main__.
2020-11-08 20:42:41,148 INFO client.py Установлено соединение с сервером. Ответ сервера: 200 : OK
2020-11-08 20:42:41,148 DEBUG client.py Разбор приветственного сообщения от сервера: {'response': 200}
2020-11-08 20:42:41,148 DEBUG decors.py Была вызвана функция process_ans из модуля __main__.
2020-11-08 20:42:41,148 INFO client.py Установлено соединение с сервером. Ответ сервера: 200 : OK
2020-11-08 20:42:41,148 DEBUG client.py Разбор приветственного сообщения от сервера: {'response': 200}
2020-11-08 20:42:41,148 DEBUG decors.py Была вызвана функция process_ans из модуля __main__.
2020-11-08 20:42:41,148 INFO client.py Установлено соединение с сервером. Ответ сервера: 200 : OK
2020-11-08 20:42:41,148 DEBUG client.py Запущены процессы
2020-11-08 20:42:41,148 DEBUG client.py Запущены процессы
2020-11-08 20:42:41,148 DEBUG client.py Запущены процессы
2020-11-08 20:52:47,550 DEBUG decors.py Была вызвана функция arg_parser из модуля __main__.
2020-11-08 20:52:47,550 INFO client.py Запущен клиент с парамертами: адрес сервера: 127.0.0.1, порт: 7777имя пользователя: user3
2020-11-08 20:52:47,597 DEBUG decors.py Была вызвана функция arg_parser из модуля __main__.
2020-11-08 20:52:47,597 INFO client.py Запущен клиент с парамертами: адрес сервера: 127.0.0.1, порт: 7777имя пользователя: user1
2020-11-08 20:52:47,597 DEBUG client.py Сформировано presence сообщение для пользователя user1
2020-11-08 20:52:47,597 DEBUG decors.py Была вызвана функция create_presence из модуля __main__.
2020-11-08 20:52:47,722 DEBUG decors.py Была вызвана функция arg_parser из модуля __main__.
2020-11-08 20:52:47,722 INFO client.py Запущен клиент с парамертами: адрес сервера: 127.0.0.1, порт: 7777имя пользователя: user2
2020-11-08 20:52:47,722 DEBUG client.py Сформировано presence сообщение для пользователя user2
2020-11-08 20:52:47,722 DEBUG decors.py Была вызвана функция create_presence из модуля __main__.
2020-11-08 20:52:47,722 DEBUG client.py Разбор приветственного сообщения от сервера: {'response': 200}
2020-11-08 20:52:47,722 DEBUG decors.py Была вызвана функция process_ans из модуля __main__.
2020-11-08 20:52:47,737 INFO client.py Установлено соединение с сервером. Ответ сервера: 200 : OK
2020-11-08 20:52:47,737 DEBUG client.py Разбор приветственного сообщения от сервера: {'response': 200}
2020-11-08 20:52:47,737 DEBUG decors.py Была вызвана функция process_ans из модуля __main__.
2020-11-08 20:52:47,737 INFO client.py Установлено соединение с сервером. Ответ сервера: 200 : OK
2020-11-08 20:52:47,737 DEBUG client.py Запущены процессы
2020-11-08 20:52:47,737 DEBUG client.py Запущены процессы
2020-11-08 20:52:48,050 DEBUG client.py Сформировано presence сообщение для пользователя user3
2020-11-08 20:52:48,050 DEBUG decors.py Была вызвана функция create_presence из модуля __main__.
2020-11-08 20:52:50,050 DEBUG client.py Разбор приветственного сообщения от сервера: {'response': 200}
2020-11-08 20:52:50,050 DEBUG decors.py Была вызвана функция process_ans из модуля __main__.
2020-11-08 20:52:50,050 INFO client.py Установлено соединение с сервером. Ответ сервера: 200 : OK
2020-11-08 20:52:50,050 DEBUG client.py Запущены процессы
2020-11-08 20:53:49,927 DEBUG decors.py Была вызвана функция arg_parser из модуля __main__.
2020-11-08 20:53:49,927 INFO client.py Запущен клиент с парамертами: адрес сервера: 127.0.0.1, порт: 7777имя пользователя: user3
2020-11-08 20:53:49,927 DEBUG decors.py Была вызвана функция arg_parser из модуля __main__.
2020-11-08 20:53:49,927 INFO client.py Запущен клиент с парамертами: адрес сервера: 127.0.0.1, порт: 7777имя пользователя: user2
2020-11-08 20:53:49,974 DEBUG decors.py Была вызвана функция arg_parser из модуля __main__.
2020-11-08 20:53:49,974 INFO client.py Запущен клиент с парамертами: адрес сервера: 127.0.0.1, порт: 7777имя пользователя: user1
2020-11-08 20:53:50,459 DEBUG client.py Сформировано presence сообщение для пользователя user2
2020-11-08 20:53:50,459 DEBUG decors.py Была вызвана функция create_presence из модуля __main__.
2020-11-08 20:53:50,459 DEBUG decors.py Была вызвана функция create_presence из модуля __main__.
2020-11-08 20:53:50,459 DEBUG client.py Разбор приветственного сообщения от сервера: {'response': 200}
2020-11-08 20:53:50,459 DEBUG decors.py Была вызвана функция process_ans из модуля __main__.
2020-11-08 20:53:50,459 INFO client.py Установлено соединение с сервером. Ответ сервера: 200 : OK
2020-11-08 20:53:50,459 DEBUG client.py Разбор приветственного сообщения от сервера: {'response': 200}
2020-11-08 20:53:50,459 DEBUG decors.py Была вызвана функция process_ans из модуля __main__.
2020-11-08 20:53:50,459 INFO client.py Установлено соединение с сервером. Ответ сервера: 200 : OK
2020-11-08 20:53:50,459 DEBUG client.py Запущены процессы
2020-11-08 20:53:50,459 DEBUG client.py Запущены процессы
2020-11-08 20:53:50,490 DEBUG client.py Сформировано presence сообщение для пользователя user1
2020-11-08 20:53:50,490 DEBUG decors.py Была вызвана функция create_presence из модуля __main__.
2020-11-08 20:53:52,490 DEBUG client.py Разбор приветственного сообщения от сервера: {'response': 200}
2020-11-08 20:53:52,490 DEBUG decors.py Была вызвана функция process_ans из модуля __main__.
2020-11-08 20:53:52,490 INFO client.py Установлено соединение с сервером. Ответ сервера: 200 : OK
2020-11-08 20:53:52,490 DEBUG client.py Запущены процессы
2020-11-08 20:54:23,241 CRITICAL client.py Потеряно соединение с сервером.
2020-11-08 20:54:23,241 DEBUG decors.py Была вызвана функция message_from_server из модуля __main__.
2020-11-08 20:54:23,241 CRITICAL client.py Потеряно соединение с сервером.
2020-11-08 20:54:23,241 DEBUG decors.py Была вызвана функция message_from_server из модуля __main__.
2020-11-08 20:54:23,241 CRITICAL client.py Потеряно соединение с сервером.
2020-11-08 20:54:23,241 DEBUG decors.py Была вызвана функция message_from_server из модуля __main__.
2020-11-08 20:57:19,776 DEBUG decors.py Была вызвана функция arg_parser из модуля __main__.
2020-11-08 20:57:19,776 INFO client.py Запущен клиент с парамертами: адрес сервера: 127.0.0.1, порт: 7777имя пользователя: test1
2020-11-08 20:57:19,791 DEBUG decors.py Была вызвана функция arg_parser из модуля __main__.
2020-11-08 20:57:19,791 INFO client.py Запущен клиент с парамертами: адрес сервера: 127.0.0.1, порт: 7777имя пользователя: test2
2020-11-08 20:57:20,307 DEBUG client.py Сформировано presence сообщение для пользователя test1
2020-11-08 20:57:20,307 DEBUG decors.py Была вызвана функция create_presence из модуля __main__.
2020-11-08 20:57:20,307 DEBUG client.py Разбор приветственного сообщения от сервера: {'response': 200}
2020-11-08 20:57:20,307 DEBUG decors.py Была вызвана функция process_ans из модуля __main__.
2020-11-08 20:57:20,307 INFO client.py Установлено соединение с сервером. Ответ сервера: 200 : OK
2020-11-08 20:57:20,307 DEBUG client.py Запущены процессы
2020-11-08 20:57:20,323 DEBUG client.py Сформировано presence сообщение для пользователя test2
2020-11-08 20:57:20,323 DEBUG decors.py Была вызвана функция create_presence из модуля __main__.
2020-11-08 20:57:22,323 DEBUG client.py Разбор приветственного сообщения от сервера: {'response': 200}
2020-11-08 20:57:22,323 DEBUG decors.py Была вызвана функция process_ans из модуля __main__.
2020-11-08 20:57:22,323 INFO client.py Установлено соединение с сервером. Ответ сервера: 200 : OK
2020-11-08 20:57:22,323 DEBUG client.py Запущены процессы
2020-11-08 21:03:35,428 DEBUG decors.py Была вызвана функция arg_parser из модуля __main__.
2020-11-08 21:03:35,428 INFO client.py Запущен клиент с парамертами: адрес сервера: 127.0.0.1, порт: 7777имя пользователя: test2
2020-11-08 21:03:35,475 DEBUG decors.py Была вызвана функция arg_parser из модуля __main__.
2020-11-08 21:03:35,475 INFO client.py Запущен клиент с парамертами: адрес сервера: 127.0.0.1, порт: 7777имя пользователя: test1
2020-11-08 21:03:35,475 DEBUG client.py Сформировано presence сообщение для пользователя test1
2020-11-08 21:03:35,475 DEBUG decors.py Была вызвана функция create_presence из модуля __main__.
2020-11-08 21:03:35,944 DEBUG client.py Сформировано presence сообщение для пользователя test2
2020-11-08 21:03:35,944 DEBUG decors.py Была вызвана функция create_presence из модуля __main__.
2020-11-08 21:03:35,944 DEBUG client.py Разбор приветственного сообщения от сервера: {'response': 200}
2020-11-08 21:03:35,944 DEBUG decors.py Была вызвана функция process_ans из модуля __main__.
2020-11-08 21:03:35,944 INFO client.py Установлено соединение с сервером. Ответ сервера: 200 : OK
2020-11-08 21:03:35,944 DEBUG client.py Запущены процессы
2020-11-08 21:03:37,944 DEBUG client.py Разбор приветственного сообщения от сервера: {'response': 200}
2020-11-08 21:03:37,944 DEBUG decors.py Была вызвана функция process_ans из модуля __main__.
2020-11-08 21:03:37,944 INFO client.py Установлено соединение с сервером. Ответ сервера: 200 : OK
2020-11-08 21:03:37,944 DEBUG client.py Запущены процессы
2020-11-08 21:09:42,856 DEBUG decors.py Была вызвана функция arg_parser из модуля __main__.
2020-11-08 21:09:42,856 INFO client.py Запущен клиент с парамертами: адрес сервера: 127.0.0.1, порт: 7777имя пользователя: test2
2020-11-08 21:09:42,872 DEBUG client.py Сформировано presence сообщение для пользователя test2
2020-11-08 21:09:42,872 DEBUG decors.py Была вызвана функция create_presence из модуля __main__.
2020-11-08 21:09:42,888 DEBUG decors.py Была вызвана функция arg_parser из модуля __main__.
2020-11-08 21:09:42,888 INFO client.py Запущен клиент с парамертами: адрес сервера: 127.0.0.1, порт: 7777имя пользователя: test1
2020-11-08 21:09:42,888 DEBUG client.py Сформировано presence сообщение для пользователя test1
2020-11-08 21:09:42,888 DEBUG decors.py Была вызвана функция create_presence из модуля __main__.
2020-11-08 21:09:42,888 DEBUG client.py Разбор приветственного сообщения от сервера: {'response': 200}
2020-11-08 21:09:42,888 DEBUG decors.py Была вызвана функция process_ans из модуля __main__.
2020-11-08 21:09:42,888 INFO client.py Установлено соединение с сервером. Ответ сервера: 200 : OK
2020-11-08 21:09:42,888 DEBUG client.py Запущены процессы
2020-11-08 21:09:44,888 DEBUG client.py Разбор приветственного сообщения от сервера: {'response': 200}
2020-11-08 21:09:44,888 DEBUG decors.py Была вызвана функция process_ans из модуля __main__.
2020-11-08 21:09:44,888 INFO client.py Установлено соединение с сервером. Ответ сервера: 200 : OK
2020-11-08 21:09:44,888 DEBUG client.py Запущены процессы
2020-11-09 02:49:02,594 DEBUG decors.py Была вызвана функция arg_parser из модуля __main__.
2020-11-09 02:49:02,594 INFO client.py Запущен клиент с парамертами: адрес сервера: 127.0.0.1, порт: 7000имя пользователя: ASPER
2020-11-09 02:49:45,281 DEBUG decors.py Была вызвана функция arg_parser из модуля __main__.
2020-11-09 02:49:45,281 INFO client.py Запущен клиент с парамертами: адрес сервера: 127.0.0.1, порт: 7000имя пользователя: ASPER
2020-11-09 02:50:49,533 DEBUG decors.py Была вызвана функция arg_parser из модуля __main__.
2020-11-09 02:50:49,533 INFO client.py Запущен клиент с парамертами: адрес сервера: 127.0.0.1, порт: 7000имя пользователя: ASPER
2020-11-09 02:56:18,252 DEBUG decors.py Была вызвана функция arg_parser из модуля __main__.
2020-11-09 02:56:18,252 INFO client.py Запущен клиент с парамертами: адрес сервера: 127.0.0.1, порт: 7000имя пользователя: ASPER
2020-11-09 02:59:46,778 DEBUG decors.py Была вызвана функция arg_parser из модуля __main__.
2020-11-09 02:59:54,996 INFO client.py Запущен клиент с парамертами: адрес сервера: 127.0.0.1, порт: 7777имя пользователя: andrey
2020-11-09 03:00:40,764 DEBUG decors.py Была вызвана функция arg_parser из модуля __main__.
2020-11-09 03:00:46,827 INFO client.py Запущен клиент с парамертами: адрес сервера: 127.0.0.1, порт: 7777имя пользователя: andrey
2020-11-09 03:00:46,827 DEBUG client.py Сформировано presence сообщение для пользователя andrey
2020-11-09 03:00:46,827 DEBUG decors.py Была вызвана функция create_presence из модуля __main__.
2020-11-09 03:00:46,827 DEBUG client.py Разбор приветственного сообщения от сервера: {'response': 200}
2020-11-09 03:00:46,827 DEBUG decors.py Была вызвана функция process_response_ans из модуля __main__.
2020-11-09 03:00:46,827 INFO client.py Установлено соединение с сервером. Ответ сервера: 200 : OK
2020-11-09 03:00:46,827 DEBUG client.py Запущены процессы
2020-11-09 03:02:15,831 DEBUG decors.py Была вызвана функция arg_parser из модуля __main__.
2020-11-09 03:02:15,831 INFO client.py Запущен клиент с парамертами: адрес сервера: 127.0.0.1, порт: 7000имя пользователя: ASPER
2020-11-09 03:02:16,847 CRITICAL client.py Не удалось подключиться к серверу 127.0.0.1:7000, конечный компьютер отверг запрос на подключение.
2020-11-09 03:02:53,146 DEBUG decors.py Была вызвана функция arg_parser из модуля __main__.
2020-11-09 03:02:53,146 INFO client.py Запущен клиент с парамертами: адрес сервера: 127.0.0.1, порт: 7777имя пользователя: ASPER
2020-11-09 03:02:53,146 DEBUG client.py Сформировано presence сообщение для пользователя ASPER
2020-11-09 03:02:53,146 DEBUG decors.py Была вызвана функция create_presence из модуля __main__.
2020-11-09 03:02:53,146 DEBUG client.py Разбор приветственного сообщения от сервера: {'response': 200}
2020-11-09 03:02:53,146 DEBUG decors.py Была вызвана функция process_response_ans из модуля __main__.
2020-11-09 03:02:53,146 INFO client.py Установлено соединение с сервером. Ответ сервера: 200 : OK
2020-11-09 03:02:53,146 DEBUG client.py Запущены процессы
2020-11-09 03:03:55,023 DEBUG decors.py Была вызвана функция arg_parser из модуля __main__.
2020-11-09 03:03:55,023 INFO client.py Запущен клиент с парамертами: адрес сервера: 127.0.0.1, порт: 7777имя пользователя: Serge
2020-11-09 03:03:55,023 DEBUG client.py Сформировано presence сообщение для пользователя Serge
2020-11-09 03:03:55,023 DEBUG decors.py Была вызвана функция create_presence из модуля __main__.
2020-11-09 03:03:55,023 DEBUG client.py Разбор приветственного сообщения от сервера: {'response': 200}
2020-11-09 03:03:55,023 DEBUG decors.py Была вызвана функция process_response_ans из модуля __main__.
2020-11-09 03:03:55,023 INFO client.py Установлено соединение с сервером. Ответ сервера: 200 : OK
2020-11-09 03:03:55,023 DEBUG client.py Запущены процессы
2020-11-09 03:04:18,760 DEBUG client.py Сформирован словарь сообщения: {'action': 'message', 'from': 'Serge', 'to': 'hello', 'time': 1604880258.7601178, 'mess_text': 'hello'}
2020-11-09 03:04:18,760 INFO client.py Отправлено сообщение для пользователя hello
2020-11-09 03:05:02,387 DEBUG client.py Сформирован словарь сообщения: {'action': 'message', 'from': 'Serge', 'to': 'ASPER', 'time': 1604880302.3870742, 'mess_text': ' HELLO'}
2020-11-09 03:05:02,387 INFO client.py Отправлено сообщение для пользователя ASPER
2020-11-09 03:05:02,637 INFO client.py Получено сообщение от пользователя Serge:
 HELLO
2020-11-09 03:05:59,826 DEBUG decors.py Была вызвана функция arg_parser из модуля __main__.
2020-11-09 03:05:59,826 INFO client.py Запущен клиент с парамертами: адрес сервера: 127.0.0.1, порт: 7777имя пользователя: TEST__1
2020-11-09 03:05:59,826 DEBUG decors.py Была вызвана функция arg_parser из модуля __main__.
2020-11-09 03:05:59,826 INFO client.py Запущен клиент с парамертами: адрес сервера: 127.0.0.1, порт: 7777имя пользователя: TEST__3
2020-11-09 03:05:59,826 DEBUG client.py Сформировано presence сообщение для пользователя TEST__1
2020-11-09 03:05:59,826 DEBUG decors.py Была вызвана функция create_presence из модуля __main__.
2020-11-09 03:05:59,826 DEBUG client.py Разбор приветственного сообщения от сервера: {'response': 200}
2020-11-09 03:05:59,826 DEBUG decors.py Была вызвана функция process_response_ans из модуля __main__.
2020-11-09 03:05:59,826 INFO client.py Установлено соединение с сервером. Ответ сервера: 200 : OK
2020-11-09 03:05:59,826 DEBUG client.py Сформировано presence сообщение для пользователя TEST__3
2020-11-09 03:05:59,826 DEBUG decors.py Была вызвана функция create_presence из модуля __main__.
2020-11-09 03:05:59,826 DEBUG client.py Запущены процессы
2020-11-09 03:05:59,857 DEBUG decors.py Была вызвана функция arg_parser из модуля __main__.
2020-11-09 03:05:59,857 INFO client.py Запущен клиент с парамертами: адрес сервера: 127.0.0.1, порт: 7777имя пользователя: TEST__2
2020-11-09 03:05:59,857 DEBUG client.py Сформировано presence сообщение для пользователя TEST__2
2020-11-09 03:05:59,857 DEBUG decors.py Была вызвана функция create_presence из модуля __main__.
2020-11-09 03:05:59,857 DEBUG client.py Разбор приветственного сообщения от сервера: {'response': 200}
2020-11-09 03:05:59,857 DEBUG decors.py Была вызвана функция process_response_ans из модуля __main__.
2020-11-09 03:05:59,857 INFO client.py Установлено соединение с сервером. Ответ сервера: 200 : OK
2020-11-09 03:05:59,873 DEBUG client.py Запущены процессы
2020-11-09 03:06:00,357 DEBUG client.py Разбор приветственного сообщения от сервера: {'response': 200}
2020-11-09 03:06:00,357 DEBUG decors.py Была вызвана функция process_response_ans из модуля __main__.
2020-11-09 03:06:00,357 INFO client.py Установлено соединение с сервером. Ответ сервера: 200 : OK
2020-11-09 03:06:00,357 DEBUG client.py Запущены процессы
2020-11-09 03:08:10,364 CRITICAL client.py Потеряно соединение с сервером.
2020-11-09 03:08:10,364 CRITICAL client.py Потеряно соединение с сервером.
2020-11-09 03:10:41,262 DEBUG decors.py Была вызвана функция arg_parser из модуля __main__.
2020-11-09 03:10:41,262 INFO client.py Запущен клиент с парамертами: адрес сервера: 127.0.0.1, порт: 7777имя пользователя: TEST__2
2020-11-09 03:10:41,278 DEBUG decors.py Была вызвана функция arg_parser из модуля __main__.
2020-11-09 03:10:41,278 INFO client.py Запущен клиент с парамертами: адрес сервера: 127.0.0.1, порт: 7777имя пользователя: TEST__1
2020-11-09 03:10:41,309 DEBUG decors.py Была вызвана функция arg_parser из модуля __main__.
2020-11-09 03:10:41,309 INFO client.py Запущен клиент с парамертами: адрес сервера: 127.0.0.1, порт: 7777имя пользователя: TEST__3
2020-11-09 03:10:41,793 DEBUG client.py Сформировано presence сообщение для пользователя TEST__2
2020-11-09 03:10:41,793 DEBUG client.py Сформировано presence сообщение для пользователя TEST__1
2020-11-09 03:10:41,793 DEBUG decors.py Была вызвана функция create_presence из модуля __main__.
2020-11-09 03:10:41,793 DEBUG decors.py Была вызвана функция create_presence из модуля __main__.
2020-11-09 03:10:41,793 DEBUG client.py Разбор приветственного сообщения от сервера: {'response': 200}
2020-11-09 03:10:41,793 DEBUG decors.py Была вызвана функция process_response_ans из модуля __main__.
2020-11-09 03:10:41,793 INFO client.py Установлено соединение с сервером. Ответ сервера: 200 : OK
2020-11-09 03:10:41,793 DEBUG client.py Разбор приветственного сообщения от сервера: {'response': 200}
2020-11-09 03:10:41,793 DEBUG decors.py Была вызвана функция process_response_ans из модуля __main__.
2020-11-09 03:10:41,793 INFO client.py Установлено соединение с сервером. Ответ сервера: 200 : OK
2020-11-09 03:10:41,793 DEBUG client.py Запущены процессы
2020-11-09 03:10:41,793 DEBUG client.py Запущены процессы
2020-11-09 03:10:41,840 DEBUG client.py Сформировано presence сообщение для пользователя TEST__3
2020-11-09 03:10:41,840 DEBUG decors.py Была вызвана функция create_presence из модуля __main__.
2020-11-09 03:10:42,340 DEBUG client.py Разбор приветственного сообщения от сервера: {'response': 200}
2020-11-09 03:10:42,340 DEBUG decors.py Была вызвана функция process_response_ans из модуля __main__.
2020-11-09 03:10:42,340 INFO client.py Установлено соединение с сервером. Ответ сервера: 200 : OK
2020-11-09 03:10:42,340 DEBUG client.py Запущены процессы
2020-11-09 03:10:51,950 CRITICAL client.py Потеряно соединение с сервером.
2020-11-09 03:10:51,950 CRITICAL client.py Потеряно соединение с сервером.
2020-11-09 03:10:51,950 CRITICAL client.py Потеряно соединение с сервером.
2020-11-09 03:16:11,932 DEBUG decors.py Была вызвана функция arg_parser из модуля __main__.
2020-11-09 03:16:11,932 INFO client.py Запущен клиент с парамертами: адрес сервера: 127.0.0.1, порт: 7777имя пользователя: TEST__2
2020-11-09 03:16:11,963 DEBUG decors.py Была вызвана функция arg_parser из модуля __main__.
2020-11-09 03:16:11,963 INFO client.py Запущен клиент с парамертами: адрес сервера: 127.0.0.1, порт: 7777имя пользователя: TEST__1
2020-11-09 03:16:11,963 DEBUG decors.py Была вызвана функция arg_parser из модуля __main__.
2020-11-09 03:16:11,963 INFO client.py Запущен клиент с парамертами: адрес сервера: 127.0.0.1, порт: 7777имя пользователя: TEST__3
2020-11-09 03:16:12,963 CRITICAL client.py Не удалось подключиться к серверу 127.0.0.1:7777, конечный компьютер отверг запрос на подключение.
2020-11-09 03:16:12,995 CRITICAL client.py Не удалось подключиться к серверу 127.0.0.1:7777, конечный компьютер отверг запрос на подключение.
2020-11-09 03:16:12,995 CRITICAL client.py Не удалось подключиться к серверу 127.0.0.1:7777, конечный компьютер отверг запрос на подключение.
2020-11-09 03:21:25,275 DEBUG decors.py Была вызвана функция arg_parser из модуля __main__.
2020-11-09 03:21:25,275 INFO client.py Запущен клиент с парамертами: адрес сервера: 127.0.0.1, порт: 7777имя пользователя: TEST__2
2020-11-09 03:21:25,322 DEBUG decors.py Была вызвана функция arg_parser из модуля __main__.
2020-11-09 03:21:25,322 INFO client.py Запущен клиент с парамертами: адрес сервера: 127.0.0.1, порт: 7777имя пользователя: TEST__3
2020-11-09 03:21:25,384 DEBUG decors.py Была вызвана функция arg_parser из модуля __main__.
2020-11-09 03:21:25,384 INFO client.py Запущен клиент с парамертами: адрес сервера: 127.0.0.1, порт: 7777имя пользователя: TEST__1
2020-11-09 03:21:26,291 CRITICAL client.py Не удалось подключиться к серверу 127.0.0.1:7777, конечный компьютер отверг запрос на подключение.
2020-11-09 03:21:26,353 CRITICAL client.py Не удалось подключиться к серверу 127.0.0.1:7777, конечный компьютер отверг запрос на подключение.
2020-11-09 03:21:26,416 CRITICAL client.py Не удалось подключиться к серверу 127.0.0.1:7777, конечный компьютер отверг запрос на подключение.
2020-11-09 03:22:12,668 DEBUG decors.py Была вызвана функция arg_parser из модуля __main__.
2020-11-09 03:22:12,668 INFO client.py Запущен клиент с парамертами: адрес сервера: 127.0.0.1, порт: 7777имя пользователя: TEST__3
2020-11-09 03:22:12,668 DEBUG decors.py Была вызвана функция arg_parser из модуля __main__.
2020-11-09 03:22:12,668 INFO client.py Запущен клиент с парамертами: адрес сервера: 127.0.0.1, порт: 7777имя пользователя: TEST__2
2020-11-09 03:22:12,730 DEBUG decors.py Была вызвана функция arg_parser из модуля __main__.
2020-11-09 03:22:12,730 INFO client.py Запущен клиент с парамертами: адрес сервера: 127.0.0.1, порт: 7777имя пользователя: TEST__1
2020-11-09 03:22:13,684 CRITICAL client.py Не удалось подключиться к серверу 127.0.0.1:7777, конечный компьютер отверг запрос на подключение.
2020-11-09 03:22:13,715 CRITICAL client.py Не удалось подключиться к серверу 127.0.0.1:7777, конечный компьютер отверг запрос на подключение.
2020-11-09 03:22:13,777 CRITICAL client.py Не удалось подключиться к серверу 127.0.0.1:7777, конечный компьютер отверг запрос на подключение.
2020-11-09 03:23:54,594 DEBUG decors.py Была вызвана функция arg_parser из модуля __main__.
2020-11-09 03:23:54,594 INFO client.py Запущен клиент с парамертами: адрес сервера: 127.0.0.1, порт: 7777имя пользователя: TEST__3
2020-11-09 03:23:54,610 DEBUG decors.py Была вызвана функция arg_parser из модуля __main__.
2020-11-09 03:23:54,625 INFO client.py Запущен клиент с парамертами: адрес сервера: 127.0.0.1, порт: 7777имя пользователя: TEST__1
2020-11-09 03:23:54,688 DEBUG decors.py Была вызвана функция arg_parser из модуля __main__.
2020-11-09 03:23:54,688 INFO client.py Запущен клиент с парамертами: адрес сервера: 127.0.0.1, порт: 7777имя пользователя: TEST__2
2020-11-09 03:23:55,125 DEBUG client.py Сформировано presence сообщение для пользователя TEST__3
2020-11-09 03:23:55,125 DEBUG decors.py Была вызвана функция create_presence из модуля __main__.
2020-11-09 03:23:55,141 DEBUG client.py Сформировано presence сообщение для пользователя TEST__1
2020-11-09 03:23:55,141 DEBUG decors.py Была вызвана функция create_presence из модуля __main__.
2020-11-09 03:23:55,141 DEBUG client.py Разбор приветственного сообщения от сервера: {'response': 200}
2020-11-09 03:23:55,141 DEBUG decors.py Была вызвана функция process_response_ans из модуля __main__.
2020-11-09 03:23:55,141 INFO client.py Установлено соединение с сервером. Ответ сервера: 200 : OK
2020-11-09 03:23:55,141 DEBUG client.py Запущены процессы
2020-11-09 03:23:55,204 DEBUG client.py Сформировано presence сообщение для пользователя TEST__2
2020-11-09 03:23:55,204 DEBUG decors.py Была вызвана функция create_presence из модуля __main__.
2020-11-09 03:23:55,204 DEBUG client.py Разбор приветственного сообщения от сервера: {'response': 200}
2020-11-09 03:23:55,204 DEBUG decors.py Была вызвана функция process_response_ans из модуля __main__.
2020-11-09 03:23:55,204 INFO client.py Установлено соединение с сервером. Ответ сервера: 200 : OK
2020-11-09 03:23:55,204 DEBUG client.py Запущены процессы
2020-11-09 03:23:57,204 DEBUG client.py Разбор приветственного сообщения от сервера: {'response': 200}
2020-11-09 03:23:57,204 DEBUG decors.py Была вызвана функция process_response_ans из модуля __main__.
2020-11-09 03:23:57,204 INFO client.py Установлено соединение с сервером. Ответ сервера: 200 : OK
2020-11-09 03:23:57,204 DEBUG client.py Запущены процессы
2020-11-09 03:24:58,190 DEBUG client.py Сформирован словарь сообщения: {'action': 'message', 'from': 'TEST__2', 'to': 'TEST__1', 'time': 1604881498.190512, 'mess_text': 'hihhihihihihihihi'}
2020-11-09 03:24:58,190 INFO client.py Отправлено сообщение для пользователя TEST__1
2020-11-09 03:24:59,221 INFO client.py Получено сообщение от пользователя TEST__2:
hihhihihihihihihi
2020-11-09 03:25:31,537 DEBUG client.py Сформирован словарь сообщения: {'action': 'message', 'from': 'TEST__3', 'to': '2', 'time': 1604881531.537774, 'mess_text': 'ghbdtnbrb gbcnjktnbrb'}
2020-11-09 03:25:31,537 INFO client.py Отправлено сообщение для пользователя 2
2020-11-09 03:26:44,711 DEBUG client.py Сформирован словарь сообщения: {'action': 'message', 'from': 'TEST__3', 'to': 'TEST__2', 'time': 1604881604.7119963, 'mess_text': 'приветики пистолетики'}
2020-11-09 03:26:44,711 INFO client.py Отправлено сообщение для пользователя TEST__2
2020-11-09 03:26:45,258 INFO client.py Получено сообщение от пользователя TEST__3:
приветики пистолетики
2020-11-09 03:30:22,907 DEBUG decors.py Была вызвана функция arg_parser из модуля __main__.
2020-11-09 03:30:22,907 INFO client.py Запущен клиент с парамертами: адрес сервера: 127.0.0.1, порт: 7777имя пользователя: TEST__1
2020-11-09 03:30:22,939 DEBUG decors.py Была вызвана функция arg_parser из модуля __main__.
2020-11-09 03:30:22,939 INFO client.py Запущен клиент с парамертами: адрес сервера: 127.0.0.1, порт: 7777имя пользователя: TEST__2
2020-11-09 03:30:22,970 DEBUG decors.py Была вызвана функция arg_parser из модуля __main__.
2020-11-09 03:30:22,970 INFO client.py Запущен клиент с парамертами: адрес сервера: 127.0.0.1, порт: 7777имя пользователя: TEST__3
2020-11-09 03:30:23,439 DEBUG client.py Сформировано presence сообщение для пользователя TEST__1
2020-11-09 03:30:23,439 DEBUG decors.py Была вызвана функция create_presence из модуля __main__.
2020-11-09 03:30:23,470 DEBUG client.py Сформировано presence сообщение для пользователя TEST__2
2020-11-09 03:30:23,470 DEBUG decors.py Была вызвана функция create_presence из модуля __main__.
2020-11-09 03:30:23,470 DEBUG client.py Разбор приветственного сообщения от сервера: {'response': 200}
2020-11-09 03:30:23,470 DEBUG decors.py Была вызвана функция process_response_ans из модуля __main__.
2020-11-09 03:30:23,470 INFO client.py Установлено соединение с сервером. Ответ сервера: 200 : OK
2020-11-09 03:30:23,470 DEBUG client.py Запущены процессы
2020-11-09 03:30:23,501 DEBUG client.py Сформировано presence сообщение для пользователя TEST__3
2020-11-09 03:30:23,501 DEBUG decors.py Была вызвана функция create_presence из модуля __main__.
2020-11-09 03:30:23,501 DEBUG client.py Разбор приветственного сообщения от сервера: {'response': 200}
2020-11-09 03:30:23,501 DEBUG decors.py Была вызвана функция process_response_ans из модуля __main__.
2020-11-09 03:30:23,501 INFO client.py Установлено соединение с сервером. Ответ сервера: 200 : OK
2020-11-09 03:30:23,517 DEBUG client.py Запущены процессы
2020-11-09 03:30:25,503 DEBUG client.py Разбор приветственного сообщения от сервера: {'response': 200}
2020-11-09 03:30:25,503 DEBUG decors.py Была вызвана функция process_response_ans из модуля __main__.
2020-11-09 03:30:25,503 INFO client.py Установлено соединение с сервером. Ответ сервера: 200 : OK
2020-11-09 03:30:25,503 DEBUG client.py Запущены процессы
2020-11-09 03:30:28,206 CRITICAL client.py Потеряно соединение с сервером.
2020-11-09 03:30:28,206 CRITICAL client.py Потеряно соединение с сервером.
2020-11-09 03:33:42,715 DEBUG decors.py Была вызвана функция arg_parser из модуля __main__.
2020-11-09 03:33:42,715 INFO client.py Запущен клиент с парамертами: адрес сервера: 127.0.0.1, порт: 7777имя пользователя: TEST__2
2020-11-09 03:33:42,730 DEBUG decors.py Была вызвана функция arg_parser из модуля __main__.
2020-11-09 03:33:42,746 INFO client.py Запущен клиент с парамертами: адрес сервера: 127.0.0.1, порт: 7777имя пользователя: TEST__3
2020-11-09 03:33:42,746 DEBUG decors.py Была вызвана функция arg_parser из модуля __main__.
2020-11-09 03:33:42,746 INFO client.py Запущен клиент с парамертами: адрес сервера: 127.0.0.1, порт: 7777имя пользователя: TEST__1
2020-11-09 03:33:43,246 DEBUG client.py Сформировано presence сообщение для пользователя TEST__2
2020-11-09 03:33:43,246 DEBUG decors.py Была вызвана функция create_presence из модуля __main__.
2020-11-09 03:33:43,261 DEBUG client.py Сформировано presence сообщение для пользователя TEST__3
2020-11-09 03:33:43,261 DEBUG client.py Сформировано presence сообщение для пользователя TEST__1
2020-11-09 03:33:43,261 DEBUG decors.py Была вызвана функция create_presence из модуля __main__.
2020-11-09 03:33:43,261 DEBUG decors.py Была вызвана функция create_presence из модуля __main__.
2020-11-09 03:34:42,062 DEBUG decors.py Была вызвана функция arg_parser из модуля __main__.
2020-11-09 03:34:42,062 INFO client.py Запущен клиент с парамертами: адрес сервера: 127.0.0.1, порт: 7777имя пользователя: TEST__3
2020-11-09 03:34:42,093 DEBUG decors.py Была вызвана функция arg_parser из модуля __main__.
2020-11-09 03:34:42,093 INFO client.py Запущен клиент с парамертами: адрес сервера: 127.0.0.1, порт: 7777имя пользователя: TEST__2
2020-11-09 03:34:42,140 DEBUG decors.py Была вызвана функция arg_parser из модуля __main__.
2020-11-09 03:34:42,140 INFO client.py Запущен клиент с парамертами: адрес сервера: 127.0.0.1, порт: 7777имя пользователя: TEST__1
2020-11-09 03:34:42,577 DEBUG client.py Сформировано presence сообщение для пользователя TEST__3
2020-11-09 03:34:42,577 DEBUG decors.py Была вызвана функция create_presence из модуля __main__.
2020-11-09 03:34:42,624 DEBUG client.py Сформировано presence сообщение для пользователя TEST__2
2020-11-09 03:34:42,624 DEBUG decors.py Была вызвана функция create_presence из модуля __main__.
2020-11-09 03:34:42,624 DEBUG client.py Разбор приветственного сообщения от сервера: {'response': 200}
2020-11-09 03:34:42,624 DEBUG decors.py Была вызвана функция process_response_ans из модуля __main__.
2020-11-09 03:34:42,624 INFO client.py Установлено соединение с сервером. Ответ сервера: 200 : OK
2020-11-09 03:34:42,656 DEBUG client.py Сформировано presence сообщение для пользователя TEST__1
2020-11-09 03:34:42,656 DEBUG decors.py Была вызвана функция create_presence из модуля __main__.
2020-11-09 03:34:42,656 DEBUG client.py Разбор приветственного сообщения от сервера: {'response': 200}
2020-11-09 03:34:42,656 DEBUG decors.py Была вызвана функция process_response_ans из модуля __main__.
2020-11-09 03:34:42,656 INFO client.py Установлено соединение с сервером. Ответ сервера: 200 : OK
2020-11-09 03:34:42,656 DEBUG client.py Запущены процессы
2020-11-09 03:34:42,656 DEBUG client.py Запущены процессы
2020-11-09 03:34:44,656 DEBUG client.py Разбор приветственного сообщения от сервера: {'response': 200}
2020-11-09 03:34:44,656 DEBUG decors.py Была вызвана функция process_response_ans из модуля __main__.
2020-11-09 03:34:44,656 INFO client.py Установлено соединение с сервером. Ответ сервера: 200 : OK
2020-11-09 03:34:44,656 DEBUG client.py Запущены процессы
2020-11-09 03:35:00,765 CRITICAL client.py Потеряно соединение с сервером.
2020-11-09 03:36:22,611 DEBUG decors.py Была вызвана функция arg_parser из модуля __main__.
2020-11-09 03:36:22,611 INFO client.py Запущен клиент с парамертами: адрес сервера: 127.0.0.1, порт: 7777имя пользователя: User2
2020-11-09 03:36:22,705 DEBUG decors.py Была вызвана функция arg_parser из модуля __main__.
2020-11-09 03:36:22,705 INFO client.py Запущен клиент с парамертами: адрес сервера: 127.0.0.1, порт: 7777имя пользователя: User3
2020-11-09 03:36:22,736 DEBUG decors.py Была вызвана функция arg_parser из модуля __main__.
2020-11-09 03:36:22,736 INFO client.py Запущен клиент с парамертами: адрес сервера: 127.0.0.1, порт: 7777имя пользователя: User1
2020-11-09 03:36:23,127 DEBUG client.py Сформировано presence сообщение для пользователя User2
2020-11-09 03:36:23,127 DEBUG decors.py Была вызвана функция create_presence из модуля __main__.
2020-11-09 03:36:23,236 DEBUG client.py Сформировано presence сообщение для пользователя User3
2020-11-09 03:36:23,236 DEBUG decors.py Была вызвана функция create_presence из модуля __main__.
2020-11-09 03:36:23,236 DEBUG client.py Разбор приветственного сообщения от сервера: {'response': 200}
2020-11-09 03:36:23,236 DEBUG decors.py Была вызвана функция process_response_ans из модуля __main__.
2020-11-09 03:36:23,236 INFO client.py Установлено соединение с сервером. Ответ сервера: 200 : OK
2020-11-09 03:36:23,236 DEBUG client.py Запущены процессы
2020-11-09 03:36:23,252 DEBUG client.py Сформировано presence сообщение для пользователя User1
2020-11-09 03:36:23,252 DEBUG decors.py Была вызвана функция create_presence из модуля __main__.
2020-11-09 03:36:23,252 DEBUG client.py Разбор приветственного сообщения от сервера: {'response': 200}
2020-11-09 03:36:23,252 DEBUG decors.py Была вызвана функция process_response_ans из модуля __main__.
2020-11-09 03:36:23,252 INFO client.py Установлено соединение с сервером. Ответ сервера: 200 : OK
2020-11-09 03:36:23,252 DEBUG client.py Запущены процессы
2020-11-09 03:36:25,253 DEBUG client.py Разбор приветственного сообщения от сервера: {'response': 200}
2020-11-09 03:36:25,253 DEBUG decors.py Была вызвана функция process_response_ans из модуля __main__.
2020-11-09 03:36:25,253 INFO client.py Установлено соединение с сервером. Ответ сервера: 200 : OK
2020-11-09 03:36:25,253 DEBUG client.py Запущены процессы
2020-11-09 03:38:40,228 DEBUG client.py Сформирован словарь сообщения: {'action': 'message', 'from': 'User3', 'to': 'User1', 'time': 1604882320.2283366, 'mess_text': 'приветики пистолетики'}
2020-11-09 03:38:40,228 INFO client.py Отправлено сообщение для пользователя User1
2020-11-09 03:38:41,275 INFO client.py Получено сообщение от пользователя User3:
приветики пистолетики
2020-11-09 03:39:00,291 CRITICAL client.py Потеряно соединение с сервером.
2020-11-09 03:39:14,978 DEBUG decors.py Была вызвана функция arg_parser из модуля __main__.
2020-11-09 03:39:14,978 INFO client.py Запущен клиент с парамертами: адрес сервера: 127.0.0.1, порт: 7777имя пользователя: User3
2020-11-09 03:39:15,009 DEBUG decors.py Была вызвана функция arg_parser из модуля __main__.
2020-11-09 03:39:15,009 INFO client.py Запущен клиент с парамертами: адрес сервера: 127.0.0.1, порт: 7777имя пользователя: User1
2020-11-09 03:39:15,041 DEBUG decors.py Была вызвана функция arg_parser из модуля __main__.
2020-11-09 03:39:15,041 INFO client.py Запущен клиент с парамертами: адрес сервера: 127.0.0.1, порт: 7777имя пользователя: User2
2020-11-09 03:39:15,166 DEBUG decors.py Была вызвана функция arg_parser из модуля __main__.
2020-11-09 03:39:15,166 INFO client.py Запущен клиент с парамертами: адрес сервера: 127.0.0.1, порт: 7777имя пользователя: User4
2020-11-09 03:39:15,181 DEBUG client.py Сформировано presence сообщение для пользователя User4
2020-11-09 03:39:15,181 DEBUG decors.py Была вызвана функция create_presence из модуля __main__.
2020-11-09 03:39:15,494 DEBUG client.py Сформировано presence сообщение для пользователя User3
2020-11-09 03:39:15,494 DEBUG decors.py Была вызвана функция create_presence из модуля __main__.
2020-11-09 03:39:15,494 DEBUG client.py Разбор приветственного сообщения от сервера: {'response': 200}
2020-11-09 03:39:15,494 DEBUG decors.py Была вызвана функция process_response_ans из модуля __main__.
2020-11-09 03:39:15,494 INFO client.py Установлено соединение с сервером. Ответ сервера: 200 : OK
2020-11-09 03:39:15,509 DEBUG client.py Запущены процессы
2020-11-09 03:39:15,525 DEBUG client.py Сформировано presence сообщение для пользователя User1
2020-11-09 03:39:15,525 DEBUG decors.py Была вызвана функция create_presence из модуля __main__.
2020-11-09 03:39:15,525 DEBUG client.py Разбор приветственного сообщения от сервера: {'response': 200}
2020-11-09 03:39:15,525 DEBUG decors.py Была вызвана функция process_response_ans из модуля __main__.
2020-11-09 03:39:15,525 INFO client.py Установлено соединение с сервером. Ответ сервера: 200 : OK
2020-11-09 03:39:15,525 DEBUG client.py Запущены процессы
2020-11-09 03:39:15,556 DEBUG client.py Сформировано presence сообщение для пользователя User2
2020-11-09 03:39:15,556 DEBUG decors.py Была вызвана функция create_presence из модуля __main__.
2020-11-09 03:39:15,556 DEBUG client.py Разбор приветственного сообщения от сервера: {'response': 200}
2020-11-09 03:39:15,556 DEBUG decors.py Была вызвана функция process_response_ans из модуля __main__.
2020-11-09 03:39:15,556 INFO client.py Установлено соединение с сервером. Ответ сервера: 200 : OK
2020-11-09 03:39:15,556 DEBUG client.py Запущены процессы
2020-11-09 03:39:17,556 DEBUG client.py Разбор приветственного сообщения от сервера: {'response': 200}
2020-11-09 03:39:17,556 DEBUG decors.py Была вызвана функция process_response_ans из модуля __main__.
2020-11-09 03:39:17,556 INFO client.py Установлено соединение с сервером. Ответ сервера: 200 : OK
2020-11-09 03:39:17,556 DEBUG client.py Запущены процессы
2020-11-09 03:39:19,478 CRITICAL client.py Потеряно соединение с сервером.
2020-11-09 03:39:19,478 CRITICAL client.py Потеряно соединение с сервером.
2020-11-09 03:39:19,478 CRITICAL client.py Потеряно соединение с сервером.
2020-11-09 03:39:19,478 CRITICAL client.py Потеряно соединение с сервером.
2020-11-19 23:58:29,413 DEBUG decors.py Была вызвана функция arg_parser из модуля __main__.
2020-11-19 23:58:47,899 INFO client.py Запущен клиент с парамертами: адрес сервера: 127.0.0.1 , порт: 7777, имя пользователя: asper
2020-11-19 23:58:48,901 INFO transport.py Попытка подключения №1
2020-11-19 23:58:50,954 INFO transport.py Попытка подключения №2
2020-11-19 23:58:52,956 INFO transport.py Попытка подключения №3
2020-11-19 23:58:54,977 INFO transport.py Попытка подключения №4
2020-11-19 23:58:56,978 INFO transport.py Попытка подключения №5
2020-11-19 23:58:58,979 CRITICAL transport.py Не удалось установить соединение с сервером
2020-11-20 00:57:52,447 DEBUG decors.py Была вызвана функция arg_parser из модуля __main__.
2020-11-20 00:58:22,395 INFO client.py Запущен клиент с парамертами: адрес сервера: 127.0.0.1 , порт: 7777, имя пользователя: asper
2020-11-20 00:58:22,639 INFO transport.py Попытка подключения №1
2020-11-20 00:58:24,641 INFO transport.py Попытка подключения №2
2020-11-20 00:58:26,647 INFO transport.py Попытка подключения №3
2020-11-20 00:58:28,649 INFO transport.py Попытка подключения №4
2020-11-20 00:58:30,650 INFO transport.py Попытка подключения №5
2020-11-20 00:58:32,657 CRITICAL transport.py Не удалось установить соединение с сервером
2020-11-20 00:59:41,810 DEBUG decors.py Была вызвана функция arg_parser из модуля __main__.
2020-11-20 00:59:47,210 INFO client.py Запущен клиент с парамертами: адрес сервера: 127.0.0.1 , порт: 7777, имя пользователя: asper
2020-11-20 00:59:47,398 INFO transport.py Попытка подключения №1
2020-11-20 00:59:49,414 INFO transport.py Попытка подключения №2
2020-11-20 00:59:51,415 INFO transport.py Попытка подключения №3
2020-11-20 00:59:53,415 INFO transport.py Попытка подключения №4
2020-11-20 00:59:55,412 INFO transport.py Попытка подключения №5
2020-11-20 00:59:57,413 CRITICAL transport.py Не удалось установить соединение с сервером
2020-11-20 01:14:47,320 DEBUG decors.py Была вызвана функция arg_parser из модуля __main__.
2020-11-20 01:14:51,781 INFO client.py Запущен клиент с парамертами: адрес сервера: 127.0.0.1 , порт: 7777, имя пользователя: asper
2020-11-20 01:14:51,932 INFO transport.py Попытка подключения №1
2020-11-20 01:14:53,931 INFO transport.py Попытка подключения №2
2020-11-20 01:14:55,932 INFO transport.py Попытка подключения №3
2020-11-20 01:14:57,936 INFO transport.py Попытка подключения №4
2020-11-20 01:14:59,931 INFO transport.py Попытка подключения №5
2020-11-20 01:15:01,933 CRITICAL transport.py Не удалось установить соединение с сервером
2020-11-20 02:05:33,162 DEBUG decors.py Была вызвана функция arg_parser из модуля __main__.
2020-11-20 02:05:36,829 INFO client.py Запущен клиент с парамертами: адрес сервера: 127.0.0.1 , порт: 7777, имя пользователя: asper
2020-11-20 02:05:36,991 INFO transport.py Попытка подключения №1
2020-11-20 02:05:36,992 DEBUG transport.py Установлено соединение с сервером
2020-11-20 02:05:36,992 DEBUG transport.py Сформировано presence сообщение для пользователя asper
2020-11-20 02:05:36,992 DEBUG decors.py Была вызвана функция send_message из модуля common.utils.
2020-11-20 02:05:37,290 DEBUG decors.py Была вызвана функция get_message из модуля common.utils.
2020-11-20 02:05:37,290 DEBUG transport.py Разбор сообщения от сервера: {'response': 200}
2020-11-20 02:05:37,290 INFO transport.py Соединение с сервером успешно установлено.
2020-11-20 02:05:37,290 DEBUG transport.py Запрос списка известных пользователей asper
2020-11-20 02:05:37,290 DEBUG decors.py Была вызвана функция send_message из модуля common.utils.
2020-11-20 02:05:37,793 DEBUG decors.py Была вызвана функция get_message из модуля common.utils.
2020-11-20 02:05:37,931 DEBUG transport.py Запрос контакт листа для пользователся Thread-1
2020-11-20 02:05:37,931 DEBUG transport.py Сформирован запрос {'action': 'get_contacts', 'time': 1605827137.931488, 'user': 'asper'}
2020-11-20 02:05:37,931 DEBUG decors.py Была вызвана функция send_message из модуля common.utils.
2020-11-20 02:05:38,295 DEBUG decors.py Была вызвана функция get_message из модуля common.utils.
2020-11-20 02:05:38,296 DEBUG transport.py Получен ответ {'response': 202, 'data_list': []}
2020-11-20 02:05:38,296 DEBUG transport.py Запущен процесс - приёмник собщений с сервера.
2020-11-20 02:05:42,086 DEBUG decors.py Была вызвана функция send_message из модуля common.utils.
2020-11-20 02:05:42,086 DEBUG transport.py Транспорт завершает работу.
2020-11-20 02:05:42,445 DEBUG transport.py Потеряно соединение с сервером.
2020-11-20 02:07:43,873 DEBUG decors.py Была вызвана функция arg_parser из модуля __main__.
2020-11-20 02:07:48,282 INFO client.py Запущен клиент с парамертами: адрес сервера: 127.0.0.1 , порт: 7777, имя пользователя: asper
2020-11-20 02:07:48,490 INFO transport.py Попытка подключения №1
2020-11-20 02:07:48,491 DEBUG transport.py Установлено соединение с сервером
2020-11-20 02:07:48,491 DEBUG transport.py Сформировано presence сообщение для пользователя asper
2020-11-20 02:07:48,491 DEBUG decors.py Была вызвана функция send_message из модуля common.utils.
2020-11-20 02:07:48,632 DEBUG decors.py Была вызвана функция get_message из модуля common.utils.
2020-11-20 02:07:48,632 DEBUG transport.py Разбор сообщения от сервера: {'response': 200}
2020-11-20 02:07:48,632 INFO transport.py Соединение с сервером успешно установлено.
2020-11-20 02:07:48,632 DEBUG transport.py Запрос списка известных пользователей asper
2020-11-20 02:07:48,633 DEBUG decors.py Была вызвана функция send_message из модуля common.utils.
2020-11-20 02:07:49,146 DEBUG decors.py Была вызвана функция get_message из модуля common.utils.
2020-11-20 02:07:49,265 DEBUG transport.py Запрос контакт листа для пользователся Thread-1
2020-11-20 02:07:49,265 DEBUG transport.py Сформирован запрос {'action': 'get_contacts', 'time': 1605827269.2656448, 'user': 'asper'}
2020-11-20 02:07:49,266 DEBUG decors.py Была вызвана функция send_message из модуля common.utils.
2020-11-20 02:07:49,650 DEBUG decors.py Была вызвана функция get_message из модуля common.utils.
2020-11-20 02:07:49,650 DEBUG transport.py Получен ответ {'response': 202, 'data_list': []}
2020-11-20 02:07:49,658 DEBUG transport.py Запущен процесс - приёмник собщений с сервера.
2020-11-20 02:07:56,492 DEBUG decors.py Была вызвана функция send_message из модуля common.utils.
2020-11-20 02:07:56,492 DEBUG transport.py Транспорт завершает работу.
2020-11-20 02:07:56,836 DEBUG transport.py Потеряно соединение с сервером.
2020-11-20 02:08:35,833 DEBUG decors.py Была вызвана функция arg_parser из модуля __main__.
2020-11-20 02:08:39,905 INFO client.py Запущен клиент с парамертами: адрес сервера: 127.0.0.1 , порт: 7777, имя пользователя: asper
2020-11-20 02:08:40,311 INFO transport.py Попытка подключения №1
2020-11-20 02:08:42,314 INFO transport.py Попытка подключения №2
2020-11-20 02:08:44,315 INFO transport.py Попытка подключения №3
2020-11-20 02:08:46,317 INFO transport.py Попытка подключения №4
2020-11-20 02:08:48,318 INFO transport.py Попытка подключения №5
2020-11-20 02:08:50,319 CRITICAL transport.py Не удалось установить соединение с сервером
2020-11-20 02:11:17,299 DEBUG decors.py Была вызвана функция arg_parser из модуля __main__.
2020-11-20 02:11:20,714 INFO client.py Запущен клиент с парамертами: адрес сервера: 127.0.0.1 , порт: 7777, имя пользователя: asper
2020-11-20 02:11:20,886 INFO transport.py Попытка подключения №1
2020-11-20 02:11:20,887 DEBUG transport.py Установлено соединение с сервером
2020-11-20 02:11:20,887 DEBUG transport.py Сформировано presence сообщение для пользователя asper
2020-11-20 02:11:20,887 DEBUG decors.py Была вызвана функция send_message из модуля common.utils.
2020-11-20 02:11:21,015 DEBUG decors.py Была вызвана функция get_message из модуля common.utils.
2020-11-20 02:11:21,015 DEBUG transport.py Разбор сообщения от сервера: {'response': 200}
2020-11-20 02:11:21,015 INFO transport.py Соединение с сервером успешно установлено.
2020-11-20 02:11:21,015 DEBUG transport.py Запрос списка известных пользователей asper
2020-11-20 02:11:21,015 DEBUG decors.py Была вызвана функция send_message из модуля common.utils.
2020-11-20 02:11:21,557 DEBUG decors.py Была вызвана функция get_message из модуля common.utils.
2020-11-20 02:11:21,747 DEBUG transport.py Запрос контакт листа для пользователся Thread-1
2020-11-20 02:11:21,748 DEBUG transport.py Сформирован запрос {'action': 'get_contacts', 'time': 1605827481.7479138, 'user': 'asper'}
2020-11-20 02:11:21,748 DEBUG decors.py Была вызвана функция send_message из модуля common.utils.
2020-11-20 02:11:22,070 DEBUG decors.py Была вызвана функция get_message из модуля common.utils.
2020-11-20 02:11:22,070 DEBUG transport.py Получен ответ {'response': 202, 'data_list': []}
2020-11-20 02:11:22,070 DEBUG transport.py Запущен процесс - приёмник собщений с сервера.
2020-11-20 02:11:34,211 DEBUG decors.py Была вызвана функция send_message из модуля common.utils.
2020-11-20 02:11:34,211 DEBUG transport.py Транспорт завершает работу.
2020-11-20 02:11:35,179 DEBUG transport.py Потеряно соединение с сервером.
2020-11-20 02:14:10,719 DEBUG decors.py Была вызвана функция arg_parser из модуля __main__.
2020-11-20 02:14:16,570 INFO client.py Запущен клиент с парамертами: адрес сервера: 127.0.0.1 , порт: 7777, имя пользователя: asper
2020-11-20 02:14:16,749 INFO transport.py Попытка подключения №1
2020-11-20 02:14:16,750 DEBUG transport.py Установлено соединение с сервером
2020-11-20 02:14:16,750 DEBUG transport.py Сформировано presence сообщение для пользователя asper
2020-11-20 02:14:16,751 DEBUG decors.py Была вызвана функция send_message из модуля common.utils.
2020-11-20 02:14:17,501 DEBUG decors.py Была вызвана функция get_message из модуля common.utils.
2020-11-20 02:14:17,501 DEBUG transport.py Разбор сообщения от сервера: {'response': 200}
2020-11-20 02:14:17,501 INFO transport.py Соединение с сервером успешно установлено.
2020-11-20 02:14:17,501 DEBUG transport.py Запрос списка известных пользователей asper
2020-11-20 02:14:17,501 DEBUG decors.py Была вызвана функция send_message из модуля common.utils.
2020-11-20 02:14:18,003 DEBUG decors.py Была вызвана функция get_message из модуля common.utils.
2020-11-20 02:14:18,202 DEBUG transport.py Запрос контакт листа для пользователся Thread-1
2020-11-20 02:14:18,203 DEBUG transport.py Сформирован запрос {'action': 'get_contacts', 'time': 1605827658.203018, 'user': 'asper'}
2020-11-20 02:14:18,203 DEBUG decors.py Была вызвана функция send_message из модуля common.utils.
2020-11-20 02:14:18,506 DEBUG decors.py Была вызвана функция get_message из модуля common.utils.
2020-11-20 02:14:18,506 DEBUG transport.py Получен ответ {'response': 202, 'data_list': []}
2020-11-20 02:14:18,507 DEBUG transport.py Запущен процесс - приёмник собщений с сервера.
2020-11-20 02:14:26,654 DEBUG decors.py Была вызвана функция send_message из модуля common.utils.
2020-11-20 02:14:26,654 DEBUG transport.py Транспорт завершает работу.
2020-11-20 02:14:27,446 DEBUG transport.py Потеряно соединение с сервером.
2020-11-20 02:18:40,569 DEBUG decors.py Была вызвана функция arg_parser из модуля __main__.
2020-11-20 02:18:44,956 INFO client.py Запущен клиент с парамертами: адрес сервера: 127.0.0.1 , порт: 7777, имя пользователя: asper
2020-11-20 02:18:45,161 INFO transport.py Попытка подключения №1
2020-11-20 02:18:47,166 INFO transport.py Попытка подключения №2
2020-11-20 02:18:49,178 INFO transport.py Попытка подключения №3
2020-11-20 02:18:51,179 INFO transport.py Попытка подключения №4
2020-11-20 02:18:53,181 INFO transport.py Попытка подключения №5
2020-11-20 02:18:55,187 CRITICAL transport.py Не удалось установить соединение с сервером
2020-11-20 02:21:51,679 DEBUG decors.py Была вызвана функция arg_parser из модуля __main__.
2020-11-20 02:22:10,455 INFO client.py Запущен клиент с парамертами: адрес сервера: 127.0.0.1 , порт: 7777, имя пользователя: asper
2020-11-20 02:22:10,734 INFO transport.py Попытка подключения №1
2020-11-20 02:22:12,743 INFO transport.py Попытка подключения №2
2020-11-20 02:22:14,738 INFO transport.py Попытка подключения №3
2020-11-20 02:22:16,739 INFO transport.py Попытка подключения №4
2020-11-20 02:22:18,741 INFO transport.py Попытка подключения №5
2020-11-20 02:22:20,741 CRITICAL transport.py Не удалось установить соединение с сервером
2020-11-20 02:22:48,566 DEBUG decors.py Была вызвана функция arg_parser из модуля __main__.
2020-11-20 02:22:52,343 INFO client.py Запущен клиент с парамертами: адрес сервера: 127.0.0.1 , порт: 7777, имя пользователя: asper
2020-11-20 02:22:52,514 INFO transport.py Попытка подключения №1
2020-11-20 02:22:52,515 DEBUG transport.py Установлено соединение с сервером
2020-11-20 02:22:52,515 DEBUG transport.py Сформировано presence сообщение для пользователя asper
2020-11-20 02:22:52,515 DEBUG decors.py Была вызвана функция send_message из модуля common.utils.
2020-11-20 02:22:52,642 DEBUG decors.py Была вызвана функция get_message из модуля common.utils.
2020-11-20 02:22:52,642 DEBUG transport.py Разбор сообщения от сервера: {'response': 200}
2020-11-20 02:22:52,643 INFO transport.py Соединение с сервером успешно установлено.
2020-11-20 02:22:52,643 DEBUG transport.py Запрос списка известных пользователей asper
2020-11-20 02:22:52,643 DEBUG decors.py Была вызвана функция send_message из модуля common.utils.
2020-11-20 02:22:53,174 DEBUG decors.py Была вызвана функция get_message из модуля common.utils.
2020-11-20 02:22:53,297 DEBUG transport.py Запрос контакт листа для пользователся Thread-1
2020-11-20 02:22:53,297 DEBUG transport.py Сформирован запрос {'action': 'get_contacts', 'time': 1605828173.2979727, 'user': 'asper'}
2020-11-20 02:22:53,297 DEBUG decors.py Была вызвана функция send_message из модуля common.utils.
2020-11-20 02:22:53,679 DEBUG decors.py Была вызвана функция get_message из модуля common.utils.
2020-11-20 02:22:53,680 DEBUG transport.py Получен ответ {'response': 202, 'data_list': []}
2020-11-20 02:22:53,686 DEBUG transport.py Запущен процесс - приёмник собщений с сервера.
2020-11-20 02:23:04,974 DEBUG decors.py Была вызвана функция send_message из модуля common.utils.
2020-11-20 02:23:04,974 DEBUG transport.py Транспорт завершает работу.
2020-11-20 02:23:05,364 DEBUG transport.py Потеряно соединение с сервером.
2020-11-20 02:26:55,217 DEBUG decors.py Была вызвана функция arg_parser из модуля __main__.
2020-11-20 02:26:59,296 INFO client.py Запущен клиент с парамертами: адрес сервера: 127.0.0.1 , порт: 7777, имя пользователя: asper
2020-11-20 02:26:59,758 INFO transport.py Попытка подключения №1
2020-11-20 02:26:59,759 DEBUG transport.py Установлено соединение с сервером
2020-11-20 02:26:59,759 DEBUG transport.py Сформировано presence сообщение для пользователя asper
2020-11-20 02:26:59,759 DEBUG decors.py Была вызвана функция send_message из модуля common.utils.
2020-11-20 02:26:59,930 DEBUG decors.py Была вызвана функция get_message из модуля common.utils.
2020-11-20 02:26:59,930 DEBUG transport.py Разбор сообщения от сервера: {'response': 200}
2020-11-20 02:26:59,930 INFO transport.py Соединение с сервером успешно установлено.
2020-11-20 02:26:59,931 DEBUG transport.py Запрос списка известных пользователей asper
2020-11-20 02:26:59,931 DEBUG decors.py Была вызвана функция send_message из модуля common.utils.
2020-11-20 02:27:00,432 DEBUG decors.py Была вызвана функция get_message из модуля common.utils.
2020-11-20 02:27:00,573 DEBUG transport.py Запрос контакт листа для пользователся Thread-1
2020-11-20 02:27:00,574 DEBUG transport.py Сформирован запрос {'action': 'get_contacts', 'time': 1605828420.5744514, 'user': 'asper'}
2020-11-20 02:27:00,574 DEBUG decors.py Была вызвана функция send_message из модуля common.utils.
2020-11-20 02:27:00,934 DEBUG decors.py Была вызвана функция get_message из модуля common.utils.
2020-11-20 02:27:00,934 DEBUG transport.py Получен ответ {'response': 202, 'data_list': []}
2020-11-20 02:27:00,935 DEBUG transport.py Запущен процесс - приёмник собщений с сервера.
2020-11-20 02:27:02,460 DEBUG decors.py Была вызвана функция send_message из модуля common.utils.
2020-11-20 02:27:02,460 DEBUG transport.py Транспорт завершает работу.
