2020-10-18 18:44:51,925 CRITICAL config_client_log.py Критическая ошибка
2020-10-18 18:44:51,925 ERROR config_client_log.py Ошибка
2020-10-18 18:44:51,925 DEBUG config_client_log.py Отладочная информация
2020-10-18 18:44:51,926 INFO config_client_log.py Информационное сообщение
2020-10-18 18:45:56,490 CRITICAL config_client_log.py Критическая ошибка
2020-10-18 18:45:56,490 ERROR config_client_log.py Ошибка
2020-10-18 18:45:56,490 DEBUG config_client_log.py Отладочная информация
2020-10-18 18:45:56,490 INFO config_client_log.py Информационное сообщение
2020-10-18 18:46:33,381 CRITICAL config_client_log.py Критическая ошибка
2020-10-18 18:46:33,381 ERROR config_client_log.py Ошибка
2020-10-18 18:46:33,381 DEBUG config_client_log.py Отладочная информация
2020-10-18 18:46:33,381 INFO config_client_log.py Информационное сообщение
2020-10-18 19:38:33,072 INFO client.py Запущен клиент с парамертами: адрес сервера: 192.168.1.51, порт: 8079
2020-10-18 19:40:55,883 INFO client.py Запущен клиент с парамертами: адрес сервера: 192.168.1.51, порт: 8079
2020-10-18 19:49:00,966 INFO client.py Запущен клиент с парамертами: адрес сервера: 127.0.0.1, порт: 7777
2020-10-18 19:49:00,970 DEBUG client.py Сформировано presence сообщение для пользователя Guest
2020-10-18 19:49:01,010 DEBUG client.py Разбор сообщения от сервера: {'response': 200}
2020-10-18 19:49:01,010 INFO client.py Принят ответ от сервера 200 : OK
2020-10-18 19:56:07,116 INFO client.py Запущен клиент с парамертами: адрес сервера: 127.0.0.1, порт: 7777
2020-10-18 19:56:07,116 DEBUG client.py Сформировано presence сообщение для пользователя Guest
2020-10-18 19:56:07,116 DEBUG client.py Разбор сообщения от сервера: {'response': 200}
2020-10-18 19:56:07,116 INFO client.py Принят ответ от сервера 200 : OK
2020-10-18 20:03:22,116 CRITICAL client.py Попытка запуска клиента с неподходящим номером порта: 777777. Допустимы адреса с 1024 до 65535. Клиент завершается.
2020-10-18 20:04:32,164 INFO client.py Запущен клиент с парамертами: адрес сервера: 127.0.0.1, порт: 7777
2020-10-18 20:04:32,180 DEBUG client.py Сформировано presence сообщение для пользователя Guest
2020-10-18 20:04:32,180 DEBUG client.py Разбор сообщения от сервера: {'response': 200}
2020-10-18 20:04:32,180 INFO client.py Принят ответ от сервера 200 : OK
2020-10-22 20:04:37,911 INFO client.py Запущен клиент с парамертами: адрес сервера: 127.0.0.1, порт: 7777
2020-10-22 20:04:37,915 DEBUG client.py Сформировано presence сообщение для пользователя Guest
2020-10-22 20:04:37,935 DEBUG decors.py Была вызвана функция create_presence c параметрами (), {}. Вызов из модуля __main__. Вызов из функции main().Вызов из функции main
2020-10-22 20:04:37,936 DEBUG client.py Разбор сообщения от сервера: {'response': 200}
2020-10-22 20:04:37,937 DEBUG decors.py Была вызвана функция process_ans c параметрами ({'response': 200},), {}. Вызов из модуля __main__. Вызов из функции main().Вызов из функции main
2020-10-22 20:04:37,937 INFO client.py Принят ответ от сервера 200 : OK
2020-10-25 23:11:03,731 DEBUG decors.py Была вызвана функция arg_parser из модуля __main__.
2020-10-25 23:11:03,732 INFO client.py Запущен клиент с парамертами: адрес сервера: 127.0.0.1, порт: 7777режим работы: listen
2020-10-25 23:12:52,697 DEBUG decors.py Была вызвана функция arg_parser из модуля __main__.
2020-10-25 23:12:52,698 INFO client.py Запущен клиент с парамертами: адрес сервера: 127.0.0.1, порт: 7777режим работы: listen
2020-10-25 23:12:52,702 DEBUG client.py Сформировано presence сообщение для пользователя Guest
2020-10-25 23:12:52,702 DEBUG decors.py Была вызвана функция create_presence из модуля __main__.
2020-10-25 23:12:52,702 DEBUG client.py Разбор приветственного сообщения от сервера: {'response': 200}
2020-10-25 23:12:52,703 DEBUG decors.py Была вызвана функция process_ans из модуля __main__.
2020-10-25 23:12:52,703 INFO client.py Установлено соединение с сервером. Ответ сервера: 200 : OK
2020-10-25 23:15:31,808 DEBUG decors.py Была вызвана функция arg_parser из модуля __main__.
2020-10-25 23:15:31,808 INFO client.py Запущен клиент с парамертами: адрес сервера: 127.0.0.1, порт: 7777режим работы: send
2020-10-25 23:15:31,811 DEBUG client.py Сформировано presence сообщение для пользователя Guest
2020-10-25 23:15:31,812 DEBUG decors.py Была вызвана функция create_presence из модуля __main__.
2020-10-25 23:15:33,834 DEBUG client.py Разбор приветственного сообщения от сервера: {'response': 200}
2020-10-25 23:15:33,834 DEBUG decors.py Была вызвана функция process_ans из модуля __main__.
2020-10-25 23:15:33,834 INFO client.py Установлено соединение с сервером. Ответ сервера: 200 : OK
2020-10-25 23:16:06,523 DEBUG client.py Сформирован словарь сообщения: {'action': 'message', 'time': 1603656966.5231428, 'account_name': 'Guest', 'mess_text': 'hi world!'}
2020-10-25 23:16:06,523 DEBUG decors.py Была вызвана функция create_message из модуля __main__.
2020-10-25 23:16:07,821 INFO client.py Получено сообщение от пользователя Guest:
hi world!
2020-10-25 23:16:07,822 DEBUG decors.py Была вызвана функция message_from_server из модуля __main__.
2020-10-25 23:18:11,092 DEBUG decors.py Была вызвана функция arg_parser из модуля __main__.
2020-10-25 23:18:11,092 INFO client.py Запущен клиент с парамертами: адрес сервера: 127.0.0.1, порт: 7777режим работы: send
2020-10-25 23:18:11,096 DEBUG client.py Сформировано presence сообщение для пользователя Guest
2020-10-25 23:18:11,096 DEBUG decors.py Была вызвана функция create_presence из модуля __main__.
2020-10-25 23:18:11,097 DEBUG client.py Разбор приветственного сообщения от сервера: {'response': 200}
2020-10-25 23:18:11,097 DEBUG decors.py Была вызвана функция process_ans из модуля __main__.
2020-10-25 23:18:11,097 INFO client.py Установлено соединение с сервером. Ответ сервера: 200 : OK
2020-10-25 23:18:31,793 DEBUG client.py Сформирован словарь сообщения: {'action': 'message', 'time': 1603657111.793101, 'account_name': 'Guest', 'mess_text': 'И от меня привет'}
2020-10-25 23:18:31,793 DEBUG decors.py Была вызвана функция create_message из модуля __main__.
2020-10-25 23:18:33,102 INFO client.py Получено сообщение от пользователя Guest:
И от меня привет
2020-10-25 23:18:33,103 DEBUG decors.py Была вызвана функция message_from_server из модуля __main__.
2020-10-25 23:20:11,559 DEBUG decors.py Была вызвана функция arg_parser из модуля __main__.
2020-10-25 23:20:11,560 INFO client.py Запущен клиент с парамертами: адрес сервера: 127.0.0.1, порт: 7777режим работы: listen
2020-10-25 23:20:11,563 DEBUG client.py Сформировано presence сообщение для пользователя Guest
2020-10-25 23:20:11,563 DEBUG decors.py Была вызвана функция create_presence из модуля __main__.
2020-10-25 23:20:11,564 DEBUG client.py Разбор приветственного сообщения от сервера: {'response': 200}
2020-10-25 23:20:11,564 DEBUG decors.py Была вызвана функция process_ans из модуля __main__.
2020-10-25 23:20:11,564 INFO client.py Установлено соединение с сервером. Ответ сервера: 200 : OK
2020-10-25 23:20:35,385 DEBUG client.py Сформирован словарь сообщения: {'action': 'message', 'time': 1603657235.3852458, 'account_name': 'Guest', 'mess_text': 'Hi newcomer!!!'}
2020-10-25 23:20:35,385 DEBUG decors.py Была вызвана функция create_message из модуля __main__.
2020-10-25 23:20:35,588 INFO client.py Получено сообщение от пользователя Guest:
Hi newcomer!!!
2020-10-25 23:20:35,588 DEBUG decors.py Была вызвана функция message_from_server из модуля __main__.
2020-10-25 23:20:35,588 INFO client.py Получено сообщение от пользователя Guest:
Hi newcomer!!!
2020-10-25 23:20:35,588 DEBUG decors.py Была вызвана функция message_from_server из модуля __main__.
2020-10-25 23:21:02,403 DEBUG client.py Сформирован словарь сообщения: {'action': 'message', 'time': 1603657262.4030085, 'account_name': 'Guest', 'mess_text': 'Привет новенькому!!!'}
2020-10-25 23:21:02,403 DEBUG decors.py Была вызвана функция create_message из модуля __main__.
2020-10-25 23:21:03,604 INFO client.py Получено сообщение от пользователя Guest:
Привет новенькому!!!
2020-10-25 23:21:03,604 DEBUG decors.py Была вызвана функция message_from_server из модуля __main__.
2020-10-25 23:21:03,605 INFO client.py Получено сообщение от пользователя Guest:
Привет новенькому!!!
2020-10-25 23:21:03,605 DEBUG decors.py Была вызвана функция message_from_server из модуля __main__.
2020-10-25 23:22:00,081 ERROR client.py Соединение с сервером 127.0.0.1 было потеряно.
2020-10-25 23:22:47,593 DEBUG decors.py Была вызвана функция arg_parser из модуля __main__.
2020-10-25 23:22:47,593 INFO client.py Запущен клиент с парамертами: адрес сервера: 127.0.0.1, порт: 7777режим работы: send
2020-10-25 23:22:47,726 DEBUG decors.py Была вызвана функция arg_parser из модуля __main__.
2020-10-25 23:22:47,726 INFO client.py Запущен клиент с парамертами: адрес сервера: 127.0.0.1, порт: 7777режим работы: send
2020-10-25 23:22:47,755 DEBUG decors.py Была вызвана функция arg_parser из модуля __main__.
2020-10-25 23:22:47,755 INFO client.py Запущен клиент с парамертами: адрес сервера: 127.0.0.1, порт: 7777режим работы: listen
2020-10-25 23:22:47,760 DEBUG client.py Сформировано presence сообщение для пользователя Guest
2020-10-25 23:22:47,760 DEBUG decors.py Была вызвана функция create_presence из модуля __main__.
2020-10-25 23:22:47,823 DEBUG decors.py Была вызвана функция arg_parser из модуля __main__.
2020-10-25 23:22:47,823 INFO client.py Запущен клиент с парамертами: адрес сервера: 127.0.0.1, порт: 7777режим работы: listen
2020-10-25 23:22:47,828 DEBUG client.py Сформировано presence сообщение для пользователя Guest
2020-10-25 23:22:47,828 DEBUG decors.py Была вызвана функция create_presence из модуля __main__.
2020-10-25 23:22:47,828 DEBUG client.py Разбор приветственного сообщения от сервера: {'response': 200}
2020-10-25 23:22:47,828 DEBUG decors.py Была вызвана функция process_ans из модуля __main__.
2020-10-25 23:22:47,829 INFO client.py Установлено соединение с сервером. Ответ сервера: 200 : OK
2020-10-25 23:22:48,107 DEBUG client.py Сформировано presence сообщение для пользователя Guest
2020-10-25 23:22:48,107 DEBUG decors.py Была вызвана функция create_presence из модуля __main__.
2020-10-25 23:22:48,107 DEBUG client.py Разбор приветственного сообщения от сервера: {'response': 200}
2020-10-25 23:22:48,108 DEBUG decors.py Была вызвана функция process_ans из модуля __main__.
2020-10-25 23:22:48,108 INFO client.py Установлено соединение с сервером. Ответ сервера: 200 : OK
2020-10-25 23:22:48,232 DEBUG client.py Сформировано presence сообщение для пользователя Guest
2020-10-25 23:22:48,232 DEBUG decors.py Была вызвана функция create_presence из модуля __main__.
2020-10-25 23:22:48,232 DEBUG client.py Разбор приветственного сообщения от сервера: {'response': 200}
2020-10-25 23:22:48,233 DEBUG decors.py Была вызвана функция process_ans из модуля __main__.
2020-10-25 23:22:48,233 INFO client.py Установлено соединение с сервером. Ответ сервера: 200 : OK
2020-10-25 23:22:50,233 DEBUG client.py Разбор приветственного сообщения от сервера: {'response': 200}
2020-10-25 23:22:50,233 DEBUG decors.py Была вызвана функция process_ans из модуля __main__.
2020-10-25 23:22:50,233 INFO client.py Установлено соединение с сервером. Ответ сервера: 200 : OK
2020-10-25 23:23:30,630 DEBUG client.py Сформирован словарь сообщения: {'action': 'message', 'time': 1603657410.6305768, 'account_name': 'Guest', 'mess_text': 'всем привет !!!!!!!'}
2020-10-25 23:23:30,630 DEBUG decors.py Была вызвана функция create_message из модуля __main__.
2020-10-25 23:23:32,244 INFO client.py Получено сообщение от пользователя Guest:
всем привет !!!!!!!
2020-10-25 23:23:32,244 INFO client.py Получено сообщение от пользователя Guest:
всем привет !!!!!!!
2020-10-25 23:23:32,245 DEBUG decors.py Была вызвана функция message_from_server из модуля __main__.
2020-10-25 23:23:32,245 DEBUG decors.py Была вызвана функция message_from_server из модуля __main__.
2020-10-25 23:23:51,270 DEBUG client.py Сформирован словарь сообщения: {'action': 'message', 'time': 1603657431.270401, 'account_name': 'Guest', 'mess_text': 'Hi to everybody!!!!'}
2020-10-25 23:23:51,270 DEBUG decors.py Была вызвана функция create_message из модуля __main__.
2020-10-25 23:23:52,250 INFO client.py Получено сообщение от пользователя Guest:
Hi to everybody!!!!
2020-10-25 23:23:52,250 INFO client.py Получено сообщение от пользователя Guest:
Hi to everybody!!!!
2020-10-25 23:23:52,251 DEBUG decors.py Была вызвана функция message_from_server из модуля __main__.
2020-10-25 23:23:52,251 DEBUG decors.py Была вызвана функция message_from_server из модуля __main__.
2020-10-25 23:25:03,374 DEBUG client.py Сформирован словарь сообщения: {'action': 'message', 'time': 1603657503.374466, 'account_name': 'Guest', 'mess_text': 'who is on duty today???'}
2020-10-25 23:25:03,375 DEBUG decors.py Была вызвана функция create_message из модуля __main__.
2020-10-25 23:25:04,284 INFO client.py Получено сообщение от пользователя Guest:
who is on duty today???
2020-10-25 23:25:04,284 DEBUG decors.py Была вызвана функция message_from_server из модуля __main__.
2020-10-25 23:25:04,284 DEBUG decors.py Была вызвана функция message_from_server из модуля __main__.
2020-10-25 23:36:15,455 DEBUG decors.py Была вызвана функция arg_parser из модуля __main__.
2020-10-25 23:36:15,456 INFO client.py Запущен клиент с парамертами: адрес сервера: 127.0.0.1, порт: 7777режим работы: listen
2020-10-25 23:36:59,013 DEBUG decors.py Была вызвана функция arg_parser из модуля __main__.
2020-10-25 23:36:59,013 INFO client.py Запущен клиент с парамертами: адрес сервера: 127.0.0.1, порт: 7777режим работы: listen
2020-10-25 23:36:59,017 DEBUG client.py Сформировано presence сообщение для пользователя Guest
2020-10-25 23:36:59,017 DEBUG decors.py Была вызвана функция create_presence из модуля __main__.
2020-10-25 23:36:59,018 DEBUG client.py Разбор приветственного сообщения от сервера: {'response': 200}
2020-10-25 23:36:59,018 DEBUG decors.py Была вызвана функция process_ans из модуля __main__.
2020-10-25 23:36:59,018 INFO client.py Установлено соединение с сервером. Ответ сервера: 200 : OK
2020-10-25 23:37:17,614 DEBUG client.py Сформирован словарь сообщения: {'action': 'message', 'time': 1603658237.6142128, 'account_name': 'Guest', 'mess_text': 'И от меня привет'}
2020-10-25 23:37:17,614 DEBUG decors.py Была вызвана функция create_message из модуля __main__.
2020-10-25 23:37:17,615 ERROR client.py Соединение с сервером 127.0.0.1 было потеряно.
2020-10-25 23:37:21,072 DEBUG decors.py Была вызвана функция arg_parser из модуля __main__.
2020-10-25 23:37:21,072 INFO client.py Запущен клиент с парамертами: адрес сервера: 127.0.0.1, порт: 7777режим работы: send
2020-10-25 23:37:21,076 DEBUG client.py Сформировано presence сообщение для пользователя Guest
2020-10-25 23:37:21,076 DEBUG decors.py Была вызвана функция create_presence из модуля __main__.
2020-10-25 23:37:21,077 DEBUG client.py Разбор приветственного сообщения от сервера: {'response': 200}
2020-10-25 23:37:21,077 DEBUG decors.py Была вызвана функция process_ans из модуля __main__.
2020-10-25 23:37:21,077 INFO client.py Установлено соединение с сервером. Ответ сервера: 200 : OK
2020-10-25 23:37:24,552 DEBUG client.py Сформирован словарь сообщения: {'action': 'message', 'time': 1603658244.5523417, 'account_name': 'Guest', 'mess_text': 'И от меня привет'}
2020-10-25 23:37:24,552 DEBUG decors.py Была вызвана функция create_message из модуля __main__.
2020-10-25 23:37:25,078 INFO client.py Получено сообщение от пользователя Guest:
И от меня привет
2020-10-25 23:37:25,079 DEBUG decors.py Была вызвана функция message_from_server из модуля __main__.
2020-10-25 23:38:18,406 ERROR client.py Соединение с сервером 127.0.0.1 было потеряно.
