2020-10-18 18:44:51,925 CRITICAL config_client_log.py Критическая ошибка
2020-10-18 18:44:51,925 ERROR config_client_log.py Ошибка
2020-10-18 18:44:51,925 DEBUG config_client_log.py Отладочная информация
2020-10-18 18:44:51,926 INFO config_client_log.py Информационное сообщение
2020-10-18 18:45:56,490 CRITICAL config_client_log.py Критическая ошибка
2020-10-18 18:45:56,490 ERROR config_client_log.py Ошибка
2020-10-18 18:45:56,490 DEBUG config_client_log.py Отладочная информация
2020-10-18 18:45:56,490 INFO config_client_log.py Информационное сообщение
2020-10-18 18:46:33,381 CRITICAL config_client_log.py Критическая ошибка
2020-10-18 18:46:33,381 ERROR config_client_log.py Ошибка
2020-10-18 18:46:33,381 DEBUG config_client_log.py Отладочная информация
2020-10-18 18:46:33,381 INFO config_client_log.py Информационное сообщение
2020-10-18 19:38:33,072 INFO client.py Запущен клиент с парамертами: адрес сервера: 192.168.1.51, порт: 8079
2020-10-18 19:40:55,883 INFO client.py Запущен клиент с парамертами: адрес сервера: 192.168.1.51, порт: 8079
2020-10-18 19:49:00,966 INFO client.py Запущен клиент с парамертами: адрес сервера: 127.0.0.1, порт: 7777
2020-10-18 19:49:00,970 DEBUG client.py Сформировано presence сообщение для пользователя Guest
2020-10-18 19:49:01,010 DEBUG client.py Разбор сообщения от сервера: {'response': 200}
2020-10-18 19:49:01,010 INFO client.py Принят ответ от сервера 200 : OK
2020-10-18 19:56:07,116 INFO client.py Запущен клиент с парамертами: адрес сервера: 127.0.0.1, порт: 7777
2020-10-18 19:56:07,116 DEBUG client.py Сформировано presence сообщение для пользователя Guest
2020-10-18 19:56:07,116 DEBUG client.py Разбор сообщения от сервера: {'response': 200}
2020-10-18 19:56:07,116 INFO client.py Принят ответ от сервера 200 : OK
2020-10-18 20:03:22,116 CRITICAL client.py Попытка запуска клиента с неподходящим номером порта: 777777. Допустимы адреса с 1024 до 65535. Клиент завершается.
2020-10-18 20:04:32,164 INFO client.py Запущен клиент с парамертами: адрес сервера: 127.0.0.1, порт: 7777
2020-10-18 20:04:32,180 DEBUG client.py Сформировано presence сообщение для пользователя Guest
2020-10-18 20:04:32,180 DEBUG client.py Разбор сообщения от сервера: {'response': 200}
2020-10-18 20:04:32,180 INFO client.py Принят ответ от сервера 200 : OK
